2022-10-20 21:47:43,006 [main] INFO edu.usu.cs5260.common.ProducerSettings - max-widget-requests: 1000
2022-10-20 21:47:43,009 [main] INFO edu.usu.cs5260.common.ProducerSettings - inter-request-delay: 100
2022-10-20 21:47:43,538 [Thread-0] INFO edu.usu.cs5260.producer.RequestGenerator - Generate a Create request
2022-10-20 21:47:43,641 [Thread-0] DEBUG software.amazon.awssdk.auth.credentials.AwsCredentialsProviderChain - Unable to load credentials from SystemPropertyCredentialsProvider(): Unable to load credentials from system settings. Access key must be specified either via environment variable (AWS_ACCESS_KEY_ID) or system property (aws.accessKeyId).
software.amazon.awssdk.core.exception.SdkClientException: Unable to load credentials from system settings. Access key must be specified either via environment variable (AWS_ACCESS_KEY_ID) or system property (aws.accessKeyId).
	at software.amazon.awssdk.core.exception.SdkClientException$BuilderImpl.build(SdkClientException.java:98) ~[producer.jar:2.2]
	at software.amazon.awssdk.auth.credentials.internal.SystemSettingsCredentialsProvider.resolveCredentials(SystemSettingsCredentialsProvider.java:58) ~[producer.jar:2.2]
	at software.amazon.awssdk.auth.credentials.AwsCredentialsProviderChain.resolveCredentials(AwsCredentialsProviderChain.java:91) ~[producer.jar:2.2]
	at software.amazon.awssdk.awscore.client.handler.AwsClientHandlerUtils.createExecutionContext(AwsClientHandlerUtils.java:76) ~[producer.jar:2.2]
	at software.amazon.awssdk.awscore.client.handler.AwsSyncClientHandler.createExecutionContext(AwsSyncClientHandler.java:68) ~[producer.jar:2.2]
	at software.amazon.awssdk.core.internal.handler.BaseSyncClientHandler.lambda$execute$1(BaseSyncClientHandler.java:97) ~[producer.jar:2.2]
	at software.amazon.awssdk.core.internal.handler.BaseSyncClientHandler.measureApiCallSuccess(BaseSyncClientHandler.java:167) [producer.jar:2.2]
	at software.amazon.awssdk.core.internal.handler.BaseSyncClientHandler.execute(BaseSyncClientHandler.java:94) [producer.jar:2.2]
	at software.amazon.awssdk.core.client.handler.SdkSyncClientHandler.execute(SdkSyncClientHandler.java:45) [producer.jar:2.2]
	at software.amazon.awssdk.awscore.client.handler.AwsSyncClientHandler.execute(AwsSyncClientHandler.java:55) [producer.jar:2.2]
	at software.amazon.awssdk.services.s3.DefaultS3Client.putObject(DefaultS3Client.java:8655) [producer.jar:2.2]
	at edu.usu.cs5260.common.S3Adapter.putObject(S3Adapter.java:76) [producer.jar:2.2]
	at edu.usu.cs5260.common.S3WidgetRequestAdapter.putWidgetRequest(S3WidgetRequestAdapter.java:20) [producer.jar:2.2]
	at edu.usu.cs5260.common.requests.WidgetRequestFactory.generateAndSaveTestWidgetCreateRequest(WidgetRequestFactory.java:25) [producer.jar:2.2]
	at edu.usu.cs5260.producer.RequestGenerator.run(RequestGenerator.java:58) [producer.jar:2.2]
	at java.lang.Thread.run(Thread.java:831) [?:?]
2022-10-20 21:47:43,650 [Thread-0] DEBUG software.amazon.awssdk.auth.credentials.AwsCredentialsProviderChain - Unable to load credentials from EnvironmentVariableCredentialsProvider(): Unable to load credentials from system settings. Access key must be specified either via environment variable (AWS_ACCESS_KEY_ID) or system property (aws.accessKeyId).
software.amazon.awssdk.core.exception.SdkClientException: Unable to load credentials from system settings. Access key must be specified either via environment variable (AWS_ACCESS_KEY_ID) or system property (aws.accessKeyId).
	at software.amazon.awssdk.core.exception.SdkClientException$BuilderImpl.build(SdkClientException.java:98) ~[producer.jar:2.2]
	at software.amazon.awssdk.auth.credentials.internal.SystemSettingsCredentialsProvider.resolveCredentials(SystemSettingsCredentialsProvider.java:58) ~[producer.jar:2.2]
	at software.amazon.awssdk.auth.credentials.AwsCredentialsProviderChain.resolveCredentials(AwsCredentialsProviderChain.java:91) ~[producer.jar:2.2]
	at software.amazon.awssdk.awscore.client.handler.AwsClientHandlerUtils.createExecutionContext(AwsClientHandlerUtils.java:76) ~[producer.jar:2.2]
	at software.amazon.awssdk.awscore.client.handler.AwsSyncClientHandler.createExecutionContext(AwsSyncClientHandler.java:68) ~[producer.jar:2.2]
	at software.amazon.awssdk.core.internal.handler.BaseSyncClientHandler.lambda$execute$1(BaseSyncClientHandler.java:97) ~[producer.jar:2.2]
	at software.amazon.awssdk.core.internal.handler.BaseSyncClientHandler.measureApiCallSuccess(BaseSyncClientHandler.java:167) [producer.jar:2.2]
	at software.amazon.awssdk.core.internal.handler.BaseSyncClientHandler.execute(BaseSyncClientHandler.java:94) [producer.jar:2.2]
	at software.amazon.awssdk.core.client.handler.SdkSyncClientHandler.execute(SdkSyncClientHandler.java:45) [producer.jar:2.2]
	at software.amazon.awssdk.awscore.client.handler.AwsSyncClientHandler.execute(AwsSyncClientHandler.java:55) [producer.jar:2.2]
	at software.amazon.awssdk.services.s3.DefaultS3Client.putObject(DefaultS3Client.java:8655) [producer.jar:2.2]
	at edu.usu.cs5260.common.S3Adapter.putObject(S3Adapter.java:76) [producer.jar:2.2]
	at edu.usu.cs5260.common.S3WidgetRequestAdapter.putWidgetRequest(S3WidgetRequestAdapter.java:20) [producer.jar:2.2]
	at edu.usu.cs5260.common.requests.WidgetRequestFactory.generateAndSaveTestWidgetCreateRequest(WidgetRequestFactory.java:25) [producer.jar:2.2]
	at edu.usu.cs5260.producer.RequestGenerator.run(RequestGenerator.java:58) [producer.jar:2.2]
	at java.lang.Thread.run(Thread.java:831) [?:?]
2022-10-20 21:47:43,651 [Thread-0] DEBUG software.amazon.awssdk.auth.credentials.AwsCredentialsProviderChain - Loading credentials from ProfileCredentialsProvider(profileName=default, profileFile=ProfileFile(profiles=[Profile(name=default, properties=[output, region, aws_access_key_id, aws_session_token, aws_secret_access_key])]))
2022-10-20 21:47:43,654 [Thread-0] DEBUG software.amazon.awssdk.core.interceptor.ExecutionInterceptorChain - Creating an interceptor chain that will apply interceptors in the following order: [software.amazon.awssdk.core.internal.interceptor.HttpChecksumRequiredInterceptor@f336b43, software.amazon.awssdk.awscore.interceptor.HelpfulUnknownHostExceptionInterceptor@529a7637, software.amazon.awssdk.services.s3.internal.handlers.EnableChunkedEncodingInterceptor@5ef633ad, software.amazon.awssdk.services.s3.internal.handlers.DisableDoubleUrlEncodingInterceptor@5a8064e8, software.amazon.awssdk.services.s3.internal.handlers.EnableTrailingChecksumInterceptor@4efd7588, software.amazon.awssdk.services.s3.internal.handlers.CreateMultipartUploadRequestInterceptor@4fd799ae, software.amazon.awssdk.services.s3.internal.handlers.GetObjectInterceptor@20d3a0a2, software.amazon.awssdk.services.s3.internal.handlers.AsyncChecksumValidationInterceptor@792d2774, software.amazon.awssdk.services.s3.internal.handlers.EndpointAddressInterceptor@5cd94cec, software.amazon.awssdk.services.s3.internal.handlers.ExceptionTranslationInterceptor@2f30a430, software.amazon.awssdk.services.s3.internal.handlers.GetBucketPolicyInterceptor@125bc7c4, software.amazon.awssdk.services.s3.internal.handlers.PutObjectInterceptor@25d447c, software.amazon.awssdk.services.s3.internal.handlers.SyncChecksumValidationInterceptor@14f5c6f7, software.amazon.awssdk.services.s3.internal.handlers.DecodeUrlEncodedResponseInterceptor@3e4ee17d, software.amazon.awssdk.services.s3.internal.handlers.CreateBucketInterceptor@72676497]
2022-10-20 21:47:43,693 [Thread-0] DEBUG software.amazon.awssdk.core.interceptor.ExecutionInterceptorChain - Interceptor 'software.amazon.awssdk.services.s3.internal.handlers.EndpointAddressInterceptor@5cd94cec' modified the message with its modifyHttpRequest method.
2022-10-20 21:47:43,694 [Thread-0] DEBUG software.amazon.awssdk.core.interceptor.ExecutionInterceptorChain - Interceptor 'software.amazon.awssdk.services.s3.internal.handlers.PutObjectInterceptor@25d447c' modified the message with its modifyHttpRequest method.
2022-10-20 21:47:43,726 [Thread-0] DEBUG software.amazon.awssdk.request - Sending Request: DefaultSdkHttpFullRequest(httpMethod=PUT, protocol=https, host=usu-cs5260-chicken-requests.s3.amazonaws.com, port=443, encodedPath=/1666324063573, headers=[amz-sdk-invocation-id, Content-Length, Content-Type, Expect, User-Agent], queryParameters=[])
2022-10-20 21:47:43,737 [Thread-0] DEBUG software.amazon.awssdk.auth.signer.Aws4Signer - AWS4 String to sign: AWS4-HMAC-SHA256
20221021T034743Z
20221021/us-east-1/s3/aws4_request
0977a790945571d2934f28d2d4c5f74014151c922920be32c23065c139a8634b
2022-10-20 21:47:43,982 [Thread-0] DEBUG software.amazon.awssdk.http.apache.internal.conn.SdkTlsSocketFactory - socket.getSupportedProtocols(): [TLSv1.3, TLSv1.2, TLSv1.1, TLSv1, SSLv3, SSLv2Hello], socket.getEnabledProtocols(): [TLSv1.3, TLSv1.2]
2022-10-20 21:47:43,984 [Thread-0] DEBUG software.amazon.awssdk.http.apache.internal.conn.SdkTlsSocketFactory - TLS protocol enabled for SSL handshake: [TLSv1.2, TLSv1.1, TLSv1, TLSv1.3]
2022-10-20 21:47:44,267 [Thread-0] DEBUG software.amazon.awssdk.http.apache.internal.net.SdkSslSocket - created: usu-cs5260-chicken-requests.s3.amazonaws.com/52.217.142.1:443
2022-10-20 21:47:44,473 [Thread-0] DEBUG software.amazon.awssdk.request - Received successful response: 200
2022-10-20 21:47:44,487 [Thread-0] INFO edu.usu.cs5260.producer.RequestGenerator - Generate a Create request
2022-10-20 21:47:44,488 [Thread-0] DEBUG software.amazon.awssdk.core.interceptor.ExecutionInterceptorChain - Creating an interceptor chain that will apply interceptors in the following order: [software.amazon.awssdk.core.internal.interceptor.HttpChecksumRequiredInterceptor@f336b43, software.amazon.awssdk.awscore.interceptor.HelpfulUnknownHostExceptionInterceptor@529a7637, software.amazon.awssdk.services.s3.internal.handlers.EnableChunkedEncodingInterceptor@5ef633ad, software.amazon.awssdk.services.s3.internal.handlers.DisableDoubleUrlEncodingInterceptor@5a8064e8, software.amazon.awssdk.services.s3.internal.handlers.EnableTrailingChecksumInterceptor@4efd7588, software.amazon.awssdk.services.s3.internal.handlers.CreateMultipartUploadRequestInterceptor@4fd799ae, software.amazon.awssdk.services.s3.internal.handlers.GetObjectInterceptor@20d3a0a2, software.amazon.awssdk.services.s3.internal.handlers.AsyncChecksumValidationInterceptor@792d2774, software.amazon.awssdk.services.s3.internal.handlers.EndpointAddressInterceptor@5cd94cec, software.amazon.awssdk.services.s3.internal.handlers.ExceptionTranslationInterceptor@2f30a430, software.amazon.awssdk.services.s3.internal.handlers.GetBucketPolicyInterceptor@125bc7c4, software.amazon.awssdk.services.s3.internal.handlers.PutObjectInterceptor@25d447c, software.amazon.awssdk.services.s3.internal.handlers.SyncChecksumValidationInterceptor@14f5c6f7, software.amazon.awssdk.services.s3.internal.handlers.DecodeUrlEncodedResponseInterceptor@3e4ee17d, software.amazon.awssdk.services.s3.internal.handlers.CreateBucketInterceptor@72676497]
2022-10-20 21:47:44,490 [Thread-0] DEBUG software.amazon.awssdk.core.interceptor.ExecutionInterceptorChain - Interceptor 'software.amazon.awssdk.services.s3.internal.handlers.EndpointAddressInterceptor@5cd94cec' modified the message with its modifyHttpRequest method.
2022-10-20 21:47:44,491 [Thread-0] DEBUG software.amazon.awssdk.core.interceptor.ExecutionInterceptorChain - Interceptor 'software.amazon.awssdk.services.s3.internal.handlers.PutObjectInterceptor@25d447c' modified the message with its modifyHttpRequest method.
2022-10-20 21:47:44,493 [Thread-0] DEBUG software.amazon.awssdk.request - Sending Request: DefaultSdkHttpFullRequest(httpMethod=PUT, protocol=https, host=usu-cs5260-chicken-requests.s3.amazonaws.com, port=443, encodedPath=/1666324064487, headers=[amz-sdk-invocation-id, Content-Length, Content-Type, Expect, User-Agent], queryParameters=[])
2022-10-20 21:47:44,494 [Thread-0] DEBUG software.amazon.awssdk.auth.signer.Aws4Signer - AWS4 String to sign: AWS4-HMAC-SHA256
20221021T034744Z
20221021/us-east-1/s3/aws4_request
e738c30c170c0fa13161e659c8552e70bb41a992b671541188330d9095c1bf6d
2022-10-20 21:47:44,677 [Thread-0] DEBUG software.amazon.awssdk.request - Received successful response: 200
2022-10-20 21:47:44,678 [Thread-0] INFO edu.usu.cs5260.producer.RequestGenerator - Generate a Create request
2022-10-20 21:47:44,679 [Thread-0] DEBUG software.amazon.awssdk.core.interceptor.ExecutionInterceptorChain - Creating an interceptor chain that will apply interceptors in the following order: [software.amazon.awssdk.core.internal.interceptor.HttpChecksumRequiredInterceptor@f336b43, software.amazon.awssdk.awscore.interceptor.HelpfulUnknownHostExceptionInterceptor@529a7637, software.amazon.awssdk.services.s3.internal.handlers.EnableChunkedEncodingInterceptor@5ef633ad, software.amazon.awssdk.services.s3.internal.handlers.DisableDoubleUrlEncodingInterceptor@5a8064e8, software.amazon.awssdk.services.s3.internal.handlers.EnableTrailingChecksumInterceptor@4efd7588, software.amazon.awssdk.services.s3.internal.handlers.CreateMultipartUploadRequestInterceptor@4fd799ae, software.amazon.awssdk.services.s3.internal.handlers.GetObjectInterceptor@20d3a0a2, software.amazon.awssdk.services.s3.internal.handlers.AsyncChecksumValidationInterceptor@792d2774, software.amazon.awssdk.services.s3.internal.handlers.EndpointAddressInterceptor@5cd94cec, software.amazon.awssdk.services.s3.internal.handlers.ExceptionTranslationInterceptor@2f30a430, software.amazon.awssdk.services.s3.internal.handlers.GetBucketPolicyInterceptor@125bc7c4, software.amazon.awssdk.services.s3.internal.handlers.PutObjectInterceptor@25d447c, software.amazon.awssdk.services.s3.internal.handlers.SyncChecksumValidationInterceptor@14f5c6f7, software.amazon.awssdk.services.s3.internal.handlers.DecodeUrlEncodedResponseInterceptor@3e4ee17d, software.amazon.awssdk.services.s3.internal.handlers.CreateBucketInterceptor@72676497]
2022-10-20 21:47:44,681 [Thread-0] DEBUG software.amazon.awssdk.core.interceptor.ExecutionInterceptorChain - Interceptor 'software.amazon.awssdk.services.s3.internal.handlers.EndpointAddressInterceptor@5cd94cec' modified the message with its modifyHttpRequest method.
2022-10-20 21:47:44,681 [Thread-0] DEBUG software.amazon.awssdk.core.interceptor.ExecutionInterceptorChain - Interceptor 'software.amazon.awssdk.services.s3.internal.handlers.PutObjectInterceptor@25d447c' modified the message with its modifyHttpRequest method.
2022-10-20 21:47:44,682 [Thread-0] DEBUG software.amazon.awssdk.request - Sending Request: DefaultSdkHttpFullRequest(httpMethod=PUT, protocol=https, host=usu-cs5260-chicken-requests.s3.amazonaws.com, port=443, encodedPath=/1666324064678, headers=[amz-sdk-invocation-id, Content-Length, Content-Type, Expect, User-Agent], queryParameters=[])
2022-10-20 21:47:44,682 [Thread-0] DEBUG software.amazon.awssdk.auth.signer.Aws4Signer - AWS4 String to sign: AWS4-HMAC-SHA256
20221021T034744Z
20221021/us-east-1/s3/aws4_request
a5603171fd51f079d35c488a68262a8b905f9de9576368fae0703bd4821a187a
2022-10-20 21:47:44,840 [Thread-0] DEBUG software.amazon.awssdk.request - Received successful response: 200
2022-10-20 21:47:44,841 [Thread-0] INFO edu.usu.cs5260.producer.RequestGenerator - Generate a Create request
2022-10-20 21:47:44,842 [Thread-0] DEBUG software.amazon.awssdk.core.interceptor.ExecutionInterceptorChain - Creating an interceptor chain that will apply interceptors in the following order: [software.amazon.awssdk.core.internal.interceptor.HttpChecksumRequiredInterceptor@f336b43, software.amazon.awssdk.awscore.interceptor.HelpfulUnknownHostExceptionInterceptor@529a7637, software.amazon.awssdk.services.s3.internal.handlers.EnableChunkedEncodingInterceptor@5ef633ad, software.amazon.awssdk.services.s3.internal.handlers.DisableDoubleUrlEncodingInterceptor@5a8064e8, software.amazon.awssdk.services.s3.internal.handlers.EnableTrailingChecksumInterceptor@4efd7588, software.amazon.awssdk.services.s3.internal.handlers.CreateMultipartUploadRequestInterceptor@4fd799ae, software.amazon.awssdk.services.s3.internal.handlers.GetObjectInterceptor@20d3a0a2, software.amazon.awssdk.services.s3.internal.handlers.AsyncChecksumValidationInterceptor@792d2774, software.amazon.awssdk.services.s3.internal.handlers.EndpointAddressInterceptor@5cd94cec, software.amazon.awssdk.services.s3.internal.handlers.ExceptionTranslationInterceptor@2f30a430, software.amazon.awssdk.services.s3.internal.handlers.GetBucketPolicyInterceptor@125bc7c4, software.amazon.awssdk.services.s3.internal.handlers.PutObjectInterceptor@25d447c, software.amazon.awssdk.services.s3.internal.handlers.SyncChecksumValidationInterceptor@14f5c6f7, software.amazon.awssdk.services.s3.internal.handlers.DecodeUrlEncodedResponseInterceptor@3e4ee17d, software.amazon.awssdk.services.s3.internal.handlers.CreateBucketInterceptor@72676497]
2022-10-20 21:47:44,844 [Thread-0] DEBUG software.amazon.awssdk.core.interceptor.ExecutionInterceptorChain - Interceptor 'software.amazon.awssdk.services.s3.internal.handlers.EndpointAddressInterceptor@5cd94cec' modified the message with its modifyHttpRequest method.
2022-10-20 21:47:44,844 [Thread-0] DEBUG software.amazon.awssdk.core.interceptor.ExecutionInterceptorChain - Interceptor 'software.amazon.awssdk.services.s3.internal.handlers.PutObjectInterceptor@25d447c' modified the message with its modifyHttpRequest method.
2022-10-20 21:47:44,844 [Thread-0] DEBUG software.amazon.awssdk.request - Sending Request: DefaultSdkHttpFullRequest(httpMethod=PUT, protocol=https, host=usu-cs5260-chicken-requests.s3.amazonaws.com, port=443, encodedPath=/1666324064842, headers=[amz-sdk-invocation-id, Content-Length, Content-Type, Expect, User-Agent], queryParameters=[])
2022-10-20 21:47:44,845 [Thread-0] DEBUG software.amazon.awssdk.auth.signer.Aws4Signer - AWS4 String to sign: AWS4-HMAC-SHA256
20221021T034744Z
20221021/us-east-1/s3/aws4_request
2e300790ba4a061d2e0c2fdd5b32c31c7d750303ceb1a454d46eeda71945bc6e
2022-10-20 21:47:45,070 [Thread-0] DEBUG software.amazon.awssdk.request - Received successful response: 200
2022-10-20 21:47:45,070 [Thread-0] INFO edu.usu.cs5260.producer.RequestGenerator - Generate a Create request
2022-10-20 21:47:45,071 [Thread-0] DEBUG software.amazon.awssdk.core.interceptor.ExecutionInterceptorChain - Creating an interceptor chain that will apply interceptors in the following order: [software.amazon.awssdk.core.internal.interceptor.HttpChecksumRequiredInterceptor@f336b43, software.amazon.awssdk.awscore.interceptor.HelpfulUnknownHostExceptionInterceptor@529a7637, software.amazon.awssdk.services.s3.internal.handlers.EnableChunkedEncodingInterceptor@5ef633ad, software.amazon.awssdk.services.s3.internal.handlers.DisableDoubleUrlEncodingInterceptor@5a8064e8, software.amazon.awssdk.services.s3.internal.handlers.EnableTrailingChecksumInterceptor@4efd7588, software.amazon.awssdk.services.s3.internal.handlers.CreateMultipartUploadRequestInterceptor@4fd799ae, software.amazon.awssdk.services.s3.internal.handlers.GetObjectInterceptor@20d3a0a2, software.amazon.awssdk.services.s3.internal.handlers.AsyncChecksumValidationInterceptor@792d2774, software.amazon.awssdk.services.s3.internal.handlers.EndpointAddressInterceptor@5cd94cec, software.amazon.awssdk.services.s3.internal.handlers.ExceptionTranslationInterceptor@2f30a430, software.amazon.awssdk.services.s3.internal.handlers.GetBucketPolicyInterceptor@125bc7c4, software.amazon.awssdk.services.s3.internal.handlers.PutObjectInterceptor@25d447c, software.amazon.awssdk.services.s3.internal.handlers.SyncChecksumValidationInterceptor@14f5c6f7, software.amazon.awssdk.services.s3.internal.handlers.DecodeUrlEncodedResponseInterceptor@3e4ee17d, software.amazon.awssdk.services.s3.internal.handlers.CreateBucketInterceptor@72676497]
2022-10-20 21:47:45,073 [Thread-0] DEBUG software.amazon.awssdk.core.interceptor.ExecutionInterceptorChain - Interceptor 'software.amazon.awssdk.services.s3.internal.handlers.EndpointAddressInterceptor@5cd94cec' modified the message with its modifyHttpRequest method.
2022-10-20 21:47:45,073 [Thread-0] DEBUG software.amazon.awssdk.core.interceptor.ExecutionInterceptorChain - Interceptor 'software.amazon.awssdk.services.s3.internal.handlers.PutObjectInterceptor@25d447c' modified the message with its modifyHttpRequest method.
2022-10-20 21:47:45,073 [Thread-0] DEBUG software.amazon.awssdk.request - Sending Request: DefaultSdkHttpFullRequest(httpMethod=PUT, protocol=https, host=usu-cs5260-chicken-requests.s3.amazonaws.com, port=443, encodedPath=/1666324065071, headers=[amz-sdk-invocation-id, Content-Length, Content-Type, Expect, User-Agent], queryParameters=[])
2022-10-20 21:47:45,074 [Thread-0] DEBUG software.amazon.awssdk.auth.signer.Aws4Signer - AWS4 String to sign: AWS4-HMAC-SHA256
20221021T034745Z
20221021/us-east-1/s3/aws4_request
8cdeaec69ca74bb8795fd966b68328f575d705ab0a0abc6b9292eba369f35471
2022-10-20 21:47:45,245 [Thread-0] DEBUG software.amazon.awssdk.request - Received successful response: 200
2022-10-20 21:47:45,245 [Thread-0] INFO edu.usu.cs5260.producer.RequestGenerator - Generate a Create request
2022-10-20 21:47:45,246 [Thread-0] DEBUG software.amazon.awssdk.core.interceptor.ExecutionInterceptorChain - Creating an interceptor chain that will apply interceptors in the following order: [software.amazon.awssdk.core.internal.interceptor.HttpChecksumRequiredInterceptor@f336b43, software.amazon.awssdk.awscore.interceptor.HelpfulUnknownHostExceptionInterceptor@529a7637, software.amazon.awssdk.services.s3.internal.handlers.EnableChunkedEncodingInterceptor@5ef633ad, software.amazon.awssdk.services.s3.internal.handlers.DisableDoubleUrlEncodingInterceptor@5a8064e8, software.amazon.awssdk.services.s3.internal.handlers.EnableTrailingChecksumInterceptor@4efd7588, software.amazon.awssdk.services.s3.internal.handlers.CreateMultipartUploadRequestInterceptor@4fd799ae, software.amazon.awssdk.services.s3.internal.handlers.GetObjectInterceptor@20d3a0a2, software.amazon.awssdk.services.s3.internal.handlers.AsyncChecksumValidationInterceptor@792d2774, software.amazon.awssdk.services.s3.internal.handlers.EndpointAddressInterceptor@5cd94cec, software.amazon.awssdk.services.s3.internal.handlers.ExceptionTranslationInterceptor@2f30a430, software.amazon.awssdk.services.s3.internal.handlers.GetBucketPolicyInterceptor@125bc7c4, software.amazon.awssdk.services.s3.internal.handlers.PutObjectInterceptor@25d447c, software.amazon.awssdk.services.s3.internal.handlers.SyncChecksumValidationInterceptor@14f5c6f7, software.amazon.awssdk.services.s3.internal.handlers.DecodeUrlEncodedResponseInterceptor@3e4ee17d, software.amazon.awssdk.services.s3.internal.handlers.CreateBucketInterceptor@72676497]
2022-10-20 21:47:45,247 [Thread-0] DEBUG software.amazon.awssdk.core.interceptor.ExecutionInterceptorChain - Interceptor 'software.amazon.awssdk.services.s3.internal.handlers.EndpointAddressInterceptor@5cd94cec' modified the message with its modifyHttpRequest method.
2022-10-20 21:47:45,248 [Thread-0] DEBUG software.amazon.awssdk.core.interceptor.ExecutionInterceptorChain - Interceptor 'software.amazon.awssdk.services.s3.internal.handlers.PutObjectInterceptor@25d447c' modified the message with its modifyHttpRequest method.
2022-10-20 21:47:45,248 [Thread-0] DEBUG software.amazon.awssdk.request - Sending Request: DefaultSdkHttpFullRequest(httpMethod=PUT, protocol=https, host=usu-cs5260-chicken-requests.s3.amazonaws.com, port=443, encodedPath=/1666324065246, headers=[amz-sdk-invocation-id, Content-Length, Content-Type, Expect, User-Agent], queryParameters=[])
2022-10-20 21:47:45,249 [Thread-0] DEBUG software.amazon.awssdk.auth.signer.Aws4Signer - AWS4 String to sign: AWS4-HMAC-SHA256
20221021T034745Z
20221021/us-east-1/s3/aws4_request
ed21da1b79c5aad81eac4a9eff03083b762e060597b7552a5d5b5fec9b11e902
2022-10-20 21:47:45,415 [Thread-0] DEBUG software.amazon.awssdk.request - Received successful response: 200
2022-10-20 21:47:45,415 [Thread-0] INFO edu.usu.cs5260.producer.RequestGenerator - Generate a Delete request
2022-10-20 21:47:45,417 [Thread-0] DEBUG software.amazon.awssdk.core.interceptor.ExecutionInterceptorChain - Creating an interceptor chain that will apply interceptors in the following order: [software.amazon.awssdk.core.internal.interceptor.HttpChecksumRequiredInterceptor@f336b43, software.amazon.awssdk.awscore.interceptor.HelpfulUnknownHostExceptionInterceptor@529a7637, software.amazon.awssdk.services.s3.internal.handlers.EnableChunkedEncodingInterceptor@5ef633ad, software.amazon.awssdk.services.s3.internal.handlers.DisableDoubleUrlEncodingInterceptor@5a8064e8, software.amazon.awssdk.services.s3.internal.handlers.EnableTrailingChecksumInterceptor@4efd7588, software.amazon.awssdk.services.s3.internal.handlers.CreateMultipartUploadRequestInterceptor@4fd799ae, software.amazon.awssdk.services.s3.internal.handlers.GetObjectInterceptor@20d3a0a2, software.amazon.awssdk.services.s3.internal.handlers.AsyncChecksumValidationInterceptor@792d2774, software.amazon.awssdk.services.s3.internal.handlers.EndpointAddressInterceptor@5cd94cec, software.amazon.awssdk.services.s3.internal.handlers.ExceptionTranslationInterceptor@2f30a430, software.amazon.awssdk.services.s3.internal.handlers.GetBucketPolicyInterceptor@125bc7c4, software.amazon.awssdk.services.s3.internal.handlers.PutObjectInterceptor@25d447c, software.amazon.awssdk.services.s3.internal.handlers.SyncChecksumValidationInterceptor@14f5c6f7, software.amazon.awssdk.services.s3.internal.handlers.DecodeUrlEncodedResponseInterceptor@3e4ee17d, software.amazon.awssdk.services.s3.internal.handlers.CreateBucketInterceptor@72676497]
2022-10-20 21:47:45,418 [Thread-0] DEBUG software.amazon.awssdk.core.interceptor.ExecutionInterceptorChain - Interceptor 'software.amazon.awssdk.services.s3.internal.handlers.EndpointAddressInterceptor@5cd94cec' modified the message with its modifyHttpRequest method.
2022-10-20 21:47:45,418 [Thread-0] DEBUG software.amazon.awssdk.core.interceptor.ExecutionInterceptorChain - Interceptor 'software.amazon.awssdk.services.s3.internal.handlers.PutObjectInterceptor@25d447c' modified the message with its modifyHttpRequest method.
2022-10-20 21:47:45,418 [Thread-0] DEBUG software.amazon.awssdk.request - Sending Request: DefaultSdkHttpFullRequest(httpMethod=PUT, protocol=https, host=usu-cs5260-chicken-requests.s3.amazonaws.com, port=443, encodedPath=/1666324065416, headers=[amz-sdk-invocation-id, Content-Length, Content-Type, Expect, User-Agent], queryParameters=[])
2022-10-20 21:47:45,419 [Thread-0] DEBUG software.amazon.awssdk.auth.signer.Aws4Signer - AWS4 String to sign: AWS4-HMAC-SHA256
20221021T034745Z
20221021/us-east-1/s3/aws4_request
c22eec7195e2362babd62cb7d79c60b2b3fb71663e91fcf1c61626ba693ff651
2022-10-20 21:47:45,589 [Thread-0] DEBUG software.amazon.awssdk.request - Received successful response: 200
2022-10-20 21:47:45,703 [Thread-0] INFO edu.usu.cs5260.producer.RequestGenerator - Generate an Update request
2022-10-20 21:47:45,706 [Thread-0] DEBUG software.amazon.awssdk.core.interceptor.ExecutionInterceptorChain - Creating an interceptor chain that will apply interceptors in the following order: [software.amazon.awssdk.core.internal.interceptor.HttpChecksumRequiredInterceptor@f336b43, software.amazon.awssdk.awscore.interceptor.HelpfulUnknownHostExceptionInterceptor@529a7637, software.amazon.awssdk.services.s3.internal.handlers.EnableChunkedEncodingInterceptor@5ef633ad, software.amazon.awssdk.services.s3.internal.handlers.DisableDoubleUrlEncodingInterceptor@5a8064e8, software.amazon.awssdk.services.s3.internal.handlers.EnableTrailingChecksumInterceptor@4efd7588, software.amazon.awssdk.services.s3.internal.handlers.CreateMultipartUploadRequestInterceptor@4fd799ae, software.amazon.awssdk.services.s3.internal.handlers.GetObjectInterceptor@20d3a0a2, software.amazon.awssdk.services.s3.internal.handlers.AsyncChecksumValidationInterceptor@792d2774, software.amazon.awssdk.services.s3.internal.handlers.EndpointAddressInterceptor@5cd94cec, software.amazon.awssdk.services.s3.internal.handlers.ExceptionTranslationInterceptor@2f30a430, software.amazon.awssdk.services.s3.internal.handlers.GetBucketPolicyInterceptor@125bc7c4, software.amazon.awssdk.services.s3.internal.handlers.PutObjectInterceptor@25d447c, software.amazon.awssdk.services.s3.internal.handlers.SyncChecksumValidationInterceptor@14f5c6f7, software.amazon.awssdk.services.s3.internal.handlers.DecodeUrlEncodedResponseInterceptor@3e4ee17d, software.amazon.awssdk.services.s3.internal.handlers.CreateBucketInterceptor@72676497]
2022-10-20 21:47:45,706 [Thread-0] DEBUG software.amazon.awssdk.core.interceptor.ExecutionInterceptorChain - Interceptor 'software.amazon.awssdk.services.s3.internal.handlers.EndpointAddressInterceptor@5cd94cec' modified the message with its modifyHttpRequest method.
2022-10-20 21:47:45,707 [Thread-0] DEBUG software.amazon.awssdk.core.interceptor.ExecutionInterceptorChain - Interceptor 'software.amazon.awssdk.services.s3.internal.handlers.PutObjectInterceptor@25d447c' modified the message with its modifyHttpRequest method.
2022-10-20 21:47:45,708 [Thread-0] DEBUG software.amazon.awssdk.request - Sending Request: DefaultSdkHttpFullRequest(httpMethod=PUT, protocol=https, host=usu-cs5260-chicken-requests.s3.amazonaws.com, port=443, encodedPath=/1666324065705, headers=[amz-sdk-invocation-id, Content-Length, Content-Type, Expect, User-Agent], queryParameters=[])
2022-10-20 21:47:45,708 [Thread-0] DEBUG software.amazon.awssdk.auth.signer.Aws4Signer - AWS4 String to sign: AWS4-HMAC-SHA256
20221021T034745Z
20221021/us-east-1/s3/aws4_request
57ca5f7cb03d3eeb4e898fc72f05a6b81e40d6b9e172605c2c54f0bb670fcea7
2022-10-20 21:47:45,883 [Thread-0] DEBUG software.amazon.awssdk.request - Received successful response: 200
2022-10-20 21:47:45,985 [Thread-0] INFO edu.usu.cs5260.producer.RequestGenerator - Generate a Create request
2022-10-20 21:47:45,986 [Thread-0] DEBUG software.amazon.awssdk.core.interceptor.ExecutionInterceptorChain - Creating an interceptor chain that will apply interceptors in the following order: [software.amazon.awssdk.core.internal.interceptor.HttpChecksumRequiredInterceptor@f336b43, software.amazon.awssdk.awscore.interceptor.HelpfulUnknownHostExceptionInterceptor@529a7637, software.amazon.awssdk.services.s3.internal.handlers.EnableChunkedEncodingInterceptor@5ef633ad, software.amazon.awssdk.services.s3.internal.handlers.DisableDoubleUrlEncodingInterceptor@5a8064e8, software.amazon.awssdk.services.s3.internal.handlers.EnableTrailingChecksumInterceptor@4efd7588, software.amazon.awssdk.services.s3.internal.handlers.CreateMultipartUploadRequestInterceptor@4fd799ae, software.amazon.awssdk.services.s3.internal.handlers.GetObjectInterceptor@20d3a0a2, software.amazon.awssdk.services.s3.internal.handlers.AsyncChecksumValidationInterceptor@792d2774, software.amazon.awssdk.services.s3.internal.handlers.EndpointAddressInterceptor@5cd94cec, software.amazon.awssdk.services.s3.internal.handlers.ExceptionTranslationInterceptor@2f30a430, software.amazon.awssdk.services.s3.internal.handlers.GetBucketPolicyInterceptor@125bc7c4, software.amazon.awssdk.services.s3.internal.handlers.PutObjectInterceptor@25d447c, software.amazon.awssdk.services.s3.internal.handlers.SyncChecksumValidationInterceptor@14f5c6f7, software.amazon.awssdk.services.s3.internal.handlers.DecodeUrlEncodedResponseInterceptor@3e4ee17d, software.amazon.awssdk.services.s3.internal.handlers.CreateBucketInterceptor@72676497]
2022-10-20 21:47:45,987 [Thread-0] DEBUG software.amazon.awssdk.core.interceptor.ExecutionInterceptorChain - Interceptor 'software.amazon.awssdk.services.s3.internal.handlers.EndpointAddressInterceptor@5cd94cec' modified the message with its modifyHttpRequest method.
2022-10-20 21:47:45,988 [Thread-0] DEBUG software.amazon.awssdk.core.interceptor.ExecutionInterceptorChain - Interceptor 'software.amazon.awssdk.services.s3.internal.handlers.PutObjectInterceptor@25d447c' modified the message with its modifyHttpRequest method.
2022-10-20 21:47:45,988 [Thread-0] DEBUG software.amazon.awssdk.request - Sending Request: DefaultSdkHttpFullRequest(httpMethod=PUT, protocol=https, host=usu-cs5260-chicken-requests.s3.amazonaws.com, port=443, encodedPath=/1666324065986, headers=[amz-sdk-invocation-id, Content-Length, Content-Type, Expect, User-Agent], queryParameters=[])
2022-10-20 21:47:45,989 [Thread-0] DEBUG software.amazon.awssdk.auth.signer.Aws4Signer - AWS4 String to sign: AWS4-HMAC-SHA256
20221021T034745Z
20221021/us-east-1/s3/aws4_request
caac04c396d461ccbd80ad9d0242ac6f2e97ba603dda8bf067376bf583b845c3
2022-10-20 21:47:46,153 [Thread-0] DEBUG software.amazon.awssdk.request - Received successful response: 200
2022-10-20 21:47:46,154 [Thread-0] INFO edu.usu.cs5260.producer.RequestGenerator - Generate a Create request
2022-10-20 21:47:46,155 [Thread-0] DEBUG software.amazon.awssdk.core.interceptor.ExecutionInterceptorChain - Creating an interceptor chain that will apply interceptors in the following order: [software.amazon.awssdk.core.internal.interceptor.HttpChecksumRequiredInterceptor@f336b43, software.amazon.awssdk.awscore.interceptor.HelpfulUnknownHostExceptionInterceptor@529a7637, software.amazon.awssdk.services.s3.internal.handlers.EnableChunkedEncodingInterceptor@5ef633ad, software.amazon.awssdk.services.s3.internal.handlers.DisableDoubleUrlEncodingInterceptor@5a8064e8, software.amazon.awssdk.services.s3.internal.handlers.EnableTrailingChecksumInterceptor@4efd7588, software.amazon.awssdk.services.s3.internal.handlers.CreateMultipartUploadRequestInterceptor@4fd799ae, software.amazon.awssdk.services.s3.internal.handlers.GetObjectInterceptor@20d3a0a2, software.amazon.awssdk.services.s3.internal.handlers.AsyncChecksumValidationInterceptor@792d2774, software.amazon.awssdk.services.s3.internal.handlers.EndpointAddressInterceptor@5cd94cec, software.amazon.awssdk.services.s3.internal.handlers.ExceptionTranslationInterceptor@2f30a430, software.amazon.awssdk.services.s3.internal.handlers.GetBucketPolicyInterceptor@125bc7c4, software.amazon.awssdk.services.s3.internal.handlers.PutObjectInterceptor@25d447c, software.amazon.awssdk.services.s3.internal.handlers.SyncChecksumValidationInterceptor@14f5c6f7, software.amazon.awssdk.services.s3.internal.handlers.DecodeUrlEncodedResponseInterceptor@3e4ee17d, software.amazon.awssdk.services.s3.internal.handlers.CreateBucketInterceptor@72676497]
2022-10-20 21:47:46,156 [Thread-0] DEBUG software.amazon.awssdk.core.interceptor.ExecutionInterceptorChain - Interceptor 'software.amazon.awssdk.services.s3.internal.handlers.EndpointAddressInterceptor@5cd94cec' modified the message with its modifyHttpRequest method.
2022-10-20 21:47:46,156 [Thread-0] DEBUG software.amazon.awssdk.core.interceptor.ExecutionInterceptorChain - Interceptor 'software.amazon.awssdk.services.s3.internal.handlers.PutObjectInterceptor@25d447c' modified the message with its modifyHttpRequest method.
2022-10-20 21:47:46,156 [Thread-0] DEBUG software.amazon.awssdk.request - Sending Request: DefaultSdkHttpFullRequest(httpMethod=PUT, protocol=https, host=usu-cs5260-chicken-requests.s3.amazonaws.com, port=443, encodedPath=/1666324066154, headers=[amz-sdk-invocation-id, Content-Length, Content-Type, Expect, User-Agent], queryParameters=[])
2022-10-20 21:47:46,157 [Thread-0] DEBUG software.amazon.awssdk.auth.signer.Aws4Signer - AWS4 String to sign: AWS4-HMAC-SHA256
20221021T034746Z
20221021/us-east-1/s3/aws4_request
bf8ba6eced390b0cce479a98643668e01a267b64a30d98a86609339b420dff2b
2022-10-20 21:47:46,345 [Thread-0] DEBUG software.amazon.awssdk.request - Received successful response: 200
2022-10-20 21:47:46,345 [Thread-0] INFO edu.usu.cs5260.producer.RequestGenerator - Generate a Delete request
2022-10-20 21:47:46,346 [Thread-0] DEBUG software.amazon.awssdk.core.interceptor.ExecutionInterceptorChain - Creating an interceptor chain that will apply interceptors in the following order: [software.amazon.awssdk.core.internal.interceptor.HttpChecksumRequiredInterceptor@f336b43, software.amazon.awssdk.awscore.interceptor.HelpfulUnknownHostExceptionInterceptor@529a7637, software.amazon.awssdk.services.s3.internal.handlers.EnableChunkedEncodingInterceptor@5ef633ad, software.amazon.awssdk.services.s3.internal.handlers.DisableDoubleUrlEncodingInterceptor@5a8064e8, software.amazon.awssdk.services.s3.internal.handlers.EnableTrailingChecksumInterceptor@4efd7588, software.amazon.awssdk.services.s3.internal.handlers.CreateMultipartUploadRequestInterceptor@4fd799ae, software.amazon.awssdk.services.s3.internal.handlers.GetObjectInterceptor@20d3a0a2, software.amazon.awssdk.services.s3.internal.handlers.AsyncChecksumValidationInterceptor@792d2774, software.amazon.awssdk.services.s3.internal.handlers.EndpointAddressInterceptor@5cd94cec, software.amazon.awssdk.services.s3.internal.handlers.ExceptionTranslationInterceptor@2f30a430, software.amazon.awssdk.services.s3.internal.handlers.GetBucketPolicyInterceptor@125bc7c4, software.amazon.awssdk.services.s3.internal.handlers.PutObjectInterceptor@25d447c, software.amazon.awssdk.services.s3.internal.handlers.SyncChecksumValidationInterceptor@14f5c6f7, software.amazon.awssdk.services.s3.internal.handlers.DecodeUrlEncodedResponseInterceptor@3e4ee17d, software.amazon.awssdk.services.s3.internal.handlers.CreateBucketInterceptor@72676497]
2022-10-20 21:47:46,347 [Thread-0] DEBUG software.amazon.awssdk.core.interceptor.ExecutionInterceptorChain - Interceptor 'software.amazon.awssdk.services.s3.internal.handlers.EndpointAddressInterceptor@5cd94cec' modified the message with its modifyHttpRequest method.
2022-10-20 21:47:46,348 [Thread-0] DEBUG software.amazon.awssdk.core.interceptor.ExecutionInterceptorChain - Interceptor 'software.amazon.awssdk.services.s3.internal.handlers.PutObjectInterceptor@25d447c' modified the message with its modifyHttpRequest method.
2022-10-20 21:47:46,348 [Thread-0] DEBUG software.amazon.awssdk.request - Sending Request: DefaultSdkHttpFullRequest(httpMethod=PUT, protocol=https, host=usu-cs5260-chicken-requests.s3.amazonaws.com, port=443, encodedPath=/1666324066346, headers=[amz-sdk-invocation-id, Content-Length, Content-Type, Expect, User-Agent], queryParameters=[])
2022-10-20 21:47:46,349 [Thread-0] DEBUG software.amazon.awssdk.auth.signer.Aws4Signer - AWS4 String to sign: AWS4-HMAC-SHA256
20221021T034746Z
20221021/us-east-1/s3/aws4_request
28a2a6926bab9c34ee1252a79cc4044f06022df40b63d802ed8962819fd1ba23
2022-10-20 21:47:46,543 [Thread-0] DEBUG software.amazon.awssdk.request - Received successful response: 200
2022-10-20 21:47:46,654 [Thread-0] INFO edu.usu.cs5260.producer.RequestGenerator - Generate a Create request
2022-10-20 21:47:46,656 [Thread-0] DEBUG software.amazon.awssdk.core.interceptor.ExecutionInterceptorChain - Creating an interceptor chain that will apply interceptors in the following order: [software.amazon.awssdk.core.internal.interceptor.HttpChecksumRequiredInterceptor@f336b43, software.amazon.awssdk.awscore.interceptor.HelpfulUnknownHostExceptionInterceptor@529a7637, software.amazon.awssdk.services.s3.internal.handlers.EnableChunkedEncodingInterceptor@5ef633ad, software.amazon.awssdk.services.s3.internal.handlers.DisableDoubleUrlEncodingInterceptor@5a8064e8, software.amazon.awssdk.services.s3.internal.handlers.EnableTrailingChecksumInterceptor@4efd7588, software.amazon.awssdk.services.s3.internal.handlers.CreateMultipartUploadRequestInterceptor@4fd799ae, software.amazon.awssdk.services.s3.internal.handlers.GetObjectInterceptor@20d3a0a2, software.amazon.awssdk.services.s3.internal.handlers.AsyncChecksumValidationInterceptor@792d2774, software.amazon.awssdk.services.s3.internal.handlers.EndpointAddressInterceptor@5cd94cec, software.amazon.awssdk.services.s3.internal.handlers.ExceptionTranslationInterceptor@2f30a430, software.amazon.awssdk.services.s3.internal.handlers.GetBucketPolicyInterceptor@125bc7c4, software.amazon.awssdk.services.s3.internal.handlers.PutObjectInterceptor@25d447c, software.amazon.awssdk.services.s3.internal.handlers.SyncChecksumValidationInterceptor@14f5c6f7, software.amazon.awssdk.services.s3.internal.handlers.DecodeUrlEncodedResponseInterceptor@3e4ee17d, software.amazon.awssdk.services.s3.internal.handlers.CreateBucketInterceptor@72676497]
2022-10-20 21:47:46,657 [Thread-0] DEBUG software.amazon.awssdk.core.interceptor.ExecutionInterceptorChain - Interceptor 'software.amazon.awssdk.services.s3.internal.handlers.EndpointAddressInterceptor@5cd94cec' modified the message with its modifyHttpRequest method.
2022-10-20 21:47:46,657 [Thread-0] DEBUG software.amazon.awssdk.core.interceptor.ExecutionInterceptorChain - Interceptor 'software.amazon.awssdk.services.s3.internal.handlers.PutObjectInterceptor@25d447c' modified the message with its modifyHttpRequest method.
2022-10-20 21:47:46,658 [Thread-0] DEBUG software.amazon.awssdk.request - Sending Request: DefaultSdkHttpFullRequest(httpMethod=PUT, protocol=https, host=usu-cs5260-chicken-requests.s3.amazonaws.com, port=443, encodedPath=/1666324066655, headers=[amz-sdk-invocation-id, Content-Length, Content-Type, Expect, User-Agent], queryParameters=[])
2022-10-20 21:47:46,658 [Thread-0] DEBUG software.amazon.awssdk.auth.signer.Aws4Signer - AWS4 String to sign: AWS4-HMAC-SHA256
20221021T034746Z
20221021/us-east-1/s3/aws4_request
6d5cf32810cae847f9ca29866b711e45d892451fbd7ce69a7455970efb0f72b5
2022-10-20 21:47:46,823 [Thread-0] DEBUG software.amazon.awssdk.request - Received successful response: 200
2022-10-20 21:47:46,823 [Thread-0] INFO edu.usu.cs5260.producer.RequestGenerator - Generate an Update request
2022-10-20 21:47:46,825 [Thread-0] DEBUG software.amazon.awssdk.core.interceptor.ExecutionInterceptorChain - Creating an interceptor chain that will apply interceptors in the following order: [software.amazon.awssdk.core.internal.interceptor.HttpChecksumRequiredInterceptor@f336b43, software.amazon.awssdk.awscore.interceptor.HelpfulUnknownHostExceptionInterceptor@529a7637, software.amazon.awssdk.services.s3.internal.handlers.EnableChunkedEncodingInterceptor@5ef633ad, software.amazon.awssdk.services.s3.internal.handlers.DisableDoubleUrlEncodingInterceptor@5a8064e8, software.amazon.awssdk.services.s3.internal.handlers.EnableTrailingChecksumInterceptor@4efd7588, software.amazon.awssdk.services.s3.internal.handlers.CreateMultipartUploadRequestInterceptor@4fd799ae, software.amazon.awssdk.services.s3.internal.handlers.GetObjectInterceptor@20d3a0a2, software.amazon.awssdk.services.s3.internal.handlers.AsyncChecksumValidationInterceptor@792d2774, software.amazon.awssdk.services.s3.internal.handlers.EndpointAddressInterceptor@5cd94cec, software.amazon.awssdk.services.s3.internal.handlers.ExceptionTranslationInterceptor@2f30a430, software.amazon.awssdk.services.s3.internal.handlers.GetBucketPolicyInterceptor@125bc7c4, software.amazon.awssdk.services.s3.internal.handlers.PutObjectInterceptor@25d447c, software.amazon.awssdk.services.s3.internal.handlers.SyncChecksumValidationInterceptor@14f5c6f7, software.amazon.awssdk.services.s3.internal.handlers.DecodeUrlEncodedResponseInterceptor@3e4ee17d, software.amazon.awssdk.services.s3.internal.handlers.CreateBucketInterceptor@72676497]
2022-10-20 21:47:46,826 [Thread-0] DEBUG software.amazon.awssdk.core.interceptor.ExecutionInterceptorChain - Interceptor 'software.amazon.awssdk.services.s3.internal.handlers.EndpointAddressInterceptor@5cd94cec' modified the message with its modifyHttpRequest method.
2022-10-20 21:47:46,826 [Thread-0] DEBUG software.amazon.awssdk.core.interceptor.ExecutionInterceptorChain - Interceptor 'software.amazon.awssdk.services.s3.internal.handlers.PutObjectInterceptor@25d447c' modified the message with its modifyHttpRequest method.
2022-10-20 21:47:46,826 [Thread-0] DEBUG software.amazon.awssdk.request - Sending Request: DefaultSdkHttpFullRequest(httpMethod=PUT, protocol=https, host=usu-cs5260-chicken-requests.s3.amazonaws.com, port=443, encodedPath=/1666324066824, headers=[amz-sdk-invocation-id, Content-Length, Content-Type, Expect, User-Agent], queryParameters=[])
2022-10-20 21:47:46,827 [Thread-0] DEBUG software.amazon.awssdk.auth.signer.Aws4Signer - AWS4 String to sign: AWS4-HMAC-SHA256
20221021T034746Z
20221021/us-east-1/s3/aws4_request
bec956a0ae53bf1a05ef66535afb85c9fc81200975078e8821e9a26b9be882b9
2022-10-20 21:47:46,987 [Thread-0] DEBUG software.amazon.awssdk.request - Received successful response: 200
2022-10-20 21:47:47,092 [Thread-0] INFO edu.usu.cs5260.producer.RequestGenerator - Generate a Create request
2022-10-20 21:47:47,094 [Thread-0] DEBUG software.amazon.awssdk.core.interceptor.ExecutionInterceptorChain - Creating an interceptor chain that will apply interceptors in the following order: [software.amazon.awssdk.core.internal.interceptor.HttpChecksumRequiredInterceptor@f336b43, software.amazon.awssdk.awscore.interceptor.HelpfulUnknownHostExceptionInterceptor@529a7637, software.amazon.awssdk.services.s3.internal.handlers.EnableChunkedEncodingInterceptor@5ef633ad, software.amazon.awssdk.services.s3.internal.handlers.DisableDoubleUrlEncodingInterceptor@5a8064e8, software.amazon.awssdk.services.s3.internal.handlers.EnableTrailingChecksumInterceptor@4efd7588, software.amazon.awssdk.services.s3.internal.handlers.CreateMultipartUploadRequestInterceptor@4fd799ae, software.amazon.awssdk.services.s3.internal.handlers.GetObjectInterceptor@20d3a0a2, software.amazon.awssdk.services.s3.internal.handlers.AsyncChecksumValidationInterceptor@792d2774, software.amazon.awssdk.services.s3.internal.handlers.EndpointAddressInterceptor@5cd94cec, software.amazon.awssdk.services.s3.internal.handlers.ExceptionTranslationInterceptor@2f30a430, software.amazon.awssdk.services.s3.internal.handlers.GetBucketPolicyInterceptor@125bc7c4, software.amazon.awssdk.services.s3.internal.handlers.PutObjectInterceptor@25d447c, software.amazon.awssdk.services.s3.internal.handlers.SyncChecksumValidationInterceptor@14f5c6f7, software.amazon.awssdk.services.s3.internal.handlers.DecodeUrlEncodedResponseInterceptor@3e4ee17d, software.amazon.awssdk.services.s3.internal.handlers.CreateBucketInterceptor@72676497]
2022-10-20 21:47:47,094 [Thread-0] DEBUG software.amazon.awssdk.core.interceptor.ExecutionInterceptorChain - Interceptor 'software.amazon.awssdk.services.s3.internal.handlers.EndpointAddressInterceptor@5cd94cec' modified the message with its modifyHttpRequest method.
2022-10-20 21:47:47,095 [Thread-0] DEBUG software.amazon.awssdk.core.interceptor.ExecutionInterceptorChain - Interceptor 'software.amazon.awssdk.services.s3.internal.handlers.PutObjectInterceptor@25d447c' modified the message with its modifyHttpRequest method.
2022-10-20 21:47:47,095 [Thread-0] DEBUG software.amazon.awssdk.request - Sending Request: DefaultSdkHttpFullRequest(httpMethod=PUT, protocol=https, host=usu-cs5260-chicken-requests.s3.amazonaws.com, port=443, encodedPath=/1666324067093, headers=[amz-sdk-invocation-id, Content-Length, Content-Type, Expect, User-Agent], queryParameters=[])
2022-10-20 21:47:47,096 [Thread-0] DEBUG software.amazon.awssdk.auth.signer.Aws4Signer - AWS4 String to sign: AWS4-HMAC-SHA256
20221021T034747Z
20221021/us-east-1/s3/aws4_request
1497de23b19aaa566c05846ee5f25479b86d46c83da424095f3ae13f05de3352
2022-10-20 21:47:47,265 [Thread-0] DEBUG software.amazon.awssdk.request - Received successful response: 200
2022-10-20 21:47:47,265 [Thread-0] INFO edu.usu.cs5260.producer.RequestGenerator - Generate a Create request
2022-10-20 21:47:47,266 [Thread-0] DEBUG software.amazon.awssdk.core.interceptor.ExecutionInterceptorChain - Creating an interceptor chain that will apply interceptors in the following order: [software.amazon.awssdk.core.internal.interceptor.HttpChecksumRequiredInterceptor@f336b43, software.amazon.awssdk.awscore.interceptor.HelpfulUnknownHostExceptionInterceptor@529a7637, software.amazon.awssdk.services.s3.internal.handlers.EnableChunkedEncodingInterceptor@5ef633ad, software.amazon.awssdk.services.s3.internal.handlers.DisableDoubleUrlEncodingInterceptor@5a8064e8, software.amazon.awssdk.services.s3.internal.handlers.EnableTrailingChecksumInterceptor@4efd7588, software.amazon.awssdk.services.s3.internal.handlers.CreateMultipartUploadRequestInterceptor@4fd799ae, software.amazon.awssdk.services.s3.internal.handlers.GetObjectInterceptor@20d3a0a2, software.amazon.awssdk.services.s3.internal.handlers.AsyncChecksumValidationInterceptor@792d2774, software.amazon.awssdk.services.s3.internal.handlers.EndpointAddressInterceptor@5cd94cec, software.amazon.awssdk.services.s3.internal.handlers.ExceptionTranslationInterceptor@2f30a430, software.amazon.awssdk.services.s3.internal.handlers.GetBucketPolicyInterceptor@125bc7c4, software.amazon.awssdk.services.s3.internal.handlers.PutObjectInterceptor@25d447c, software.amazon.awssdk.services.s3.internal.handlers.SyncChecksumValidationInterceptor@14f5c6f7, software.amazon.awssdk.services.s3.internal.handlers.DecodeUrlEncodedResponseInterceptor@3e4ee17d, software.amazon.awssdk.services.s3.internal.handlers.CreateBucketInterceptor@72676497]
2022-10-20 21:47:47,267 [Thread-0] DEBUG software.amazon.awssdk.core.interceptor.ExecutionInterceptorChain - Interceptor 'software.amazon.awssdk.services.s3.internal.handlers.EndpointAddressInterceptor@5cd94cec' modified the message with its modifyHttpRequest method.
2022-10-20 21:47:47,267 [Thread-0] DEBUG software.amazon.awssdk.core.interceptor.ExecutionInterceptorChain - Interceptor 'software.amazon.awssdk.services.s3.internal.handlers.PutObjectInterceptor@25d447c' modified the message with its modifyHttpRequest method.
2022-10-20 21:47:47,267 [Thread-0] DEBUG software.amazon.awssdk.request - Sending Request: DefaultSdkHttpFullRequest(httpMethod=PUT, protocol=https, host=usu-cs5260-chicken-requests.s3.amazonaws.com, port=443, encodedPath=/1666324067266, headers=[amz-sdk-invocation-id, Content-Length, Content-Type, Expect, User-Agent], queryParameters=[])
2022-10-20 21:47:47,268 [Thread-0] DEBUG software.amazon.awssdk.auth.signer.Aws4Signer - AWS4 String to sign: AWS4-HMAC-SHA256
20221021T034747Z
20221021/us-east-1/s3/aws4_request
457b6b75bbda68d5029bda7e6c6286674c9a3527548874fa9e57edd28d3a3ca4
2022-10-20 21:47:47,435 [Thread-0] DEBUG software.amazon.awssdk.request - Received successful response: 200
2022-10-20 21:47:47,435 [Thread-0] INFO edu.usu.cs5260.producer.RequestGenerator - Generate a Create request
2022-10-20 21:47:47,436 [Thread-0] DEBUG software.amazon.awssdk.core.interceptor.ExecutionInterceptorChain - Creating an interceptor chain that will apply interceptors in the following order: [software.amazon.awssdk.core.internal.interceptor.HttpChecksumRequiredInterceptor@f336b43, software.amazon.awssdk.awscore.interceptor.HelpfulUnknownHostExceptionInterceptor@529a7637, software.amazon.awssdk.services.s3.internal.handlers.EnableChunkedEncodingInterceptor@5ef633ad, software.amazon.awssdk.services.s3.internal.handlers.DisableDoubleUrlEncodingInterceptor@5a8064e8, software.amazon.awssdk.services.s3.internal.handlers.EnableTrailingChecksumInterceptor@4efd7588, software.amazon.awssdk.services.s3.internal.handlers.CreateMultipartUploadRequestInterceptor@4fd799ae, software.amazon.awssdk.services.s3.internal.handlers.GetObjectInterceptor@20d3a0a2, software.amazon.awssdk.services.s3.internal.handlers.AsyncChecksumValidationInterceptor@792d2774, software.amazon.awssdk.services.s3.internal.handlers.EndpointAddressInterceptor@5cd94cec, software.amazon.awssdk.services.s3.internal.handlers.ExceptionTranslationInterceptor@2f30a430, software.amazon.awssdk.services.s3.internal.handlers.GetBucketPolicyInterceptor@125bc7c4, software.amazon.awssdk.services.s3.internal.handlers.PutObjectInterceptor@25d447c, software.amazon.awssdk.services.s3.internal.handlers.SyncChecksumValidationInterceptor@14f5c6f7, software.amazon.awssdk.services.s3.internal.handlers.DecodeUrlEncodedResponseInterceptor@3e4ee17d, software.amazon.awssdk.services.s3.internal.handlers.CreateBucketInterceptor@72676497]
2022-10-20 21:47:47,436 [Thread-0] DEBUG software.amazon.awssdk.core.interceptor.ExecutionInterceptorChain - Interceptor 'software.amazon.awssdk.services.s3.internal.handlers.EndpointAddressInterceptor@5cd94cec' modified the message with its modifyHttpRequest method.
2022-10-20 21:47:47,436 [Thread-0] DEBUG software.amazon.awssdk.core.interceptor.ExecutionInterceptorChain - Interceptor 'software.amazon.awssdk.services.s3.internal.handlers.PutObjectInterceptor@25d447c' modified the message with its modifyHttpRequest method.
2022-10-20 21:47:47,437 [Thread-0] DEBUG software.amazon.awssdk.request - Sending Request: DefaultSdkHttpFullRequest(httpMethod=PUT, protocol=https, host=usu-cs5260-chicken-requests.s3.amazonaws.com, port=443, encodedPath=/1666324067435, headers=[amz-sdk-invocation-id, Content-Length, Content-Type, Expect, User-Agent], queryParameters=[])
2022-10-20 21:47:47,437 [Thread-0] DEBUG software.amazon.awssdk.auth.signer.Aws4Signer - AWS4 String to sign: AWS4-HMAC-SHA256
20221021T034747Z
20221021/us-east-1/s3/aws4_request
20b73d8d7c016fdd4ae643408c346c83af59bdfee25acbe547f077eaa025c6b3
2022-10-20 21:47:47,609 [Thread-0] DEBUG software.amazon.awssdk.request - Received successful response: 200
2022-10-20 21:47:47,609 [Thread-0] INFO edu.usu.cs5260.producer.RequestGenerator - Generate a Create request
2022-10-20 21:47:47,610 [Thread-0] DEBUG software.amazon.awssdk.core.interceptor.ExecutionInterceptorChain - Creating an interceptor chain that will apply interceptors in the following order: [software.amazon.awssdk.core.internal.interceptor.HttpChecksumRequiredInterceptor@f336b43, software.amazon.awssdk.awscore.interceptor.HelpfulUnknownHostExceptionInterceptor@529a7637, software.amazon.awssdk.services.s3.internal.handlers.EnableChunkedEncodingInterceptor@5ef633ad, software.amazon.awssdk.services.s3.internal.handlers.DisableDoubleUrlEncodingInterceptor@5a8064e8, software.amazon.awssdk.services.s3.internal.handlers.EnableTrailingChecksumInterceptor@4efd7588, software.amazon.awssdk.services.s3.internal.handlers.CreateMultipartUploadRequestInterceptor@4fd799ae, software.amazon.awssdk.services.s3.internal.handlers.GetObjectInterceptor@20d3a0a2, software.amazon.awssdk.services.s3.internal.handlers.AsyncChecksumValidationInterceptor@792d2774, software.amazon.awssdk.services.s3.internal.handlers.EndpointAddressInterceptor@5cd94cec, software.amazon.awssdk.services.s3.internal.handlers.ExceptionTranslationInterceptor@2f30a430, software.amazon.awssdk.services.s3.internal.handlers.GetBucketPolicyInterceptor@125bc7c4, software.amazon.awssdk.services.s3.internal.handlers.PutObjectInterceptor@25d447c, software.amazon.awssdk.services.s3.internal.handlers.SyncChecksumValidationInterceptor@14f5c6f7, software.amazon.awssdk.services.s3.internal.handlers.DecodeUrlEncodedResponseInterceptor@3e4ee17d, software.amazon.awssdk.services.s3.internal.handlers.CreateBucketInterceptor@72676497]
2022-10-20 21:47:47,612 [Thread-0] DEBUG software.amazon.awssdk.core.interceptor.ExecutionInterceptorChain - Interceptor 'software.amazon.awssdk.services.s3.internal.handlers.EndpointAddressInterceptor@5cd94cec' modified the message with its modifyHttpRequest method.
2022-10-20 21:47:47,613 [Thread-0] DEBUG software.amazon.awssdk.core.interceptor.ExecutionInterceptorChain - Interceptor 'software.amazon.awssdk.services.s3.internal.handlers.PutObjectInterceptor@25d447c' modified the message with its modifyHttpRequest method.
2022-10-20 21:47:47,613 [Thread-0] DEBUG software.amazon.awssdk.request - Sending Request: DefaultSdkHttpFullRequest(httpMethod=PUT, protocol=https, host=usu-cs5260-chicken-requests.s3.amazonaws.com, port=443, encodedPath=/1666324067610, headers=[amz-sdk-invocation-id, Content-Length, Content-Type, Expect, User-Agent], queryParameters=[])
2022-10-20 21:47:47,614 [Thread-0] DEBUG software.amazon.awssdk.auth.signer.Aws4Signer - AWS4 String to sign: AWS4-HMAC-SHA256
20221021T034747Z
20221021/us-east-1/s3/aws4_request
752b03ca79c9b70a6d18123c616a7fbed08611be216c0f61a18cd2b6aae2ee80
2022-10-20 21:47:47,776 [Thread-0] DEBUG software.amazon.awssdk.request - Received successful response: 200
2022-10-20 21:47:47,776 [Thread-0] INFO edu.usu.cs5260.producer.RequestGenerator - Generate a Create request
2022-10-20 21:47:47,778 [Thread-0] DEBUG software.amazon.awssdk.core.interceptor.ExecutionInterceptorChain - Creating an interceptor chain that will apply interceptors in the following order: [software.amazon.awssdk.core.internal.interceptor.HttpChecksumRequiredInterceptor@f336b43, software.amazon.awssdk.awscore.interceptor.HelpfulUnknownHostExceptionInterceptor@529a7637, software.amazon.awssdk.services.s3.internal.handlers.EnableChunkedEncodingInterceptor@5ef633ad, software.amazon.awssdk.services.s3.internal.handlers.DisableDoubleUrlEncodingInterceptor@5a8064e8, software.amazon.awssdk.services.s3.internal.handlers.EnableTrailingChecksumInterceptor@4efd7588, software.amazon.awssdk.services.s3.internal.handlers.CreateMultipartUploadRequestInterceptor@4fd799ae, software.amazon.awssdk.services.s3.internal.handlers.GetObjectInterceptor@20d3a0a2, software.amazon.awssdk.services.s3.internal.handlers.AsyncChecksumValidationInterceptor@792d2774, software.amazon.awssdk.services.s3.internal.handlers.EndpointAddressInterceptor@5cd94cec, software.amazon.awssdk.services.s3.internal.handlers.ExceptionTranslationInterceptor@2f30a430, software.amazon.awssdk.services.s3.internal.handlers.GetBucketPolicyInterceptor@125bc7c4, software.amazon.awssdk.services.s3.internal.handlers.PutObjectInterceptor@25d447c, software.amazon.awssdk.services.s3.internal.handlers.SyncChecksumValidationInterceptor@14f5c6f7, software.amazon.awssdk.services.s3.internal.handlers.DecodeUrlEncodedResponseInterceptor@3e4ee17d, software.amazon.awssdk.services.s3.internal.handlers.CreateBucketInterceptor@72676497]
2022-10-20 21:47:47,778 [Thread-0] DEBUG software.amazon.awssdk.core.interceptor.ExecutionInterceptorChain - Interceptor 'software.amazon.awssdk.services.s3.internal.handlers.EndpointAddressInterceptor@5cd94cec' modified the message with its modifyHttpRequest method.
2022-10-20 21:47:47,779 [Thread-0] DEBUG software.amazon.awssdk.core.interceptor.ExecutionInterceptorChain - Interceptor 'software.amazon.awssdk.services.s3.internal.handlers.PutObjectInterceptor@25d447c' modified the message with its modifyHttpRequest method.
2022-10-20 21:47:47,779 [Thread-0] DEBUG software.amazon.awssdk.request - Sending Request: DefaultSdkHttpFullRequest(httpMethod=PUT, protocol=https, host=usu-cs5260-chicken-requests.s3.amazonaws.com, port=443, encodedPath=/1666324067777, headers=[amz-sdk-invocation-id, Content-Length, Content-Type, Expect, User-Agent], queryParameters=[])
2022-10-20 21:47:47,779 [Thread-0] DEBUG software.amazon.awssdk.auth.signer.Aws4Signer - AWS4 String to sign: AWS4-HMAC-SHA256
20221021T034747Z
20221021/us-east-1/s3/aws4_request
d5f1027658f8a34f171b51185a744dee723e97617a59e024815da2b6e5b91b0d
2022-10-20 21:47:47,946 [Thread-0] DEBUG software.amazon.awssdk.request - Received successful response: 200
2022-10-20 21:47:47,946 [Thread-0] INFO edu.usu.cs5260.producer.RequestGenerator - Generate an Update request
2022-10-20 21:47:47,947 [Thread-0] DEBUG software.amazon.awssdk.core.interceptor.ExecutionInterceptorChain - Creating an interceptor chain that will apply interceptors in the following order: [software.amazon.awssdk.core.internal.interceptor.HttpChecksumRequiredInterceptor@f336b43, software.amazon.awssdk.awscore.interceptor.HelpfulUnknownHostExceptionInterceptor@529a7637, software.amazon.awssdk.services.s3.internal.handlers.EnableChunkedEncodingInterceptor@5ef633ad, software.amazon.awssdk.services.s3.internal.handlers.DisableDoubleUrlEncodingInterceptor@5a8064e8, software.amazon.awssdk.services.s3.internal.handlers.EnableTrailingChecksumInterceptor@4efd7588, software.amazon.awssdk.services.s3.internal.handlers.CreateMultipartUploadRequestInterceptor@4fd799ae, software.amazon.awssdk.services.s3.internal.handlers.GetObjectInterceptor@20d3a0a2, software.amazon.awssdk.services.s3.internal.handlers.AsyncChecksumValidationInterceptor@792d2774, software.amazon.awssdk.services.s3.internal.handlers.EndpointAddressInterceptor@5cd94cec, software.amazon.awssdk.services.s3.internal.handlers.ExceptionTranslationInterceptor@2f30a430, software.amazon.awssdk.services.s3.internal.handlers.GetBucketPolicyInterceptor@125bc7c4, software.amazon.awssdk.services.s3.internal.handlers.PutObjectInterceptor@25d447c, software.amazon.awssdk.services.s3.internal.handlers.SyncChecksumValidationInterceptor@14f5c6f7, software.amazon.awssdk.services.s3.internal.handlers.DecodeUrlEncodedResponseInterceptor@3e4ee17d, software.amazon.awssdk.services.s3.internal.handlers.CreateBucketInterceptor@72676497]
2022-10-20 21:47:47,947 [Thread-0] DEBUG software.amazon.awssdk.core.interceptor.ExecutionInterceptorChain - Interceptor 'software.amazon.awssdk.services.s3.internal.handlers.EndpointAddressInterceptor@5cd94cec' modified the message with its modifyHttpRequest method.
2022-10-20 21:47:47,947 [Thread-0] DEBUG software.amazon.awssdk.core.interceptor.ExecutionInterceptorChain - Interceptor 'software.amazon.awssdk.services.s3.internal.handlers.PutObjectInterceptor@25d447c' modified the message with its modifyHttpRequest method.
2022-10-20 21:47:47,948 [Thread-0] DEBUG software.amazon.awssdk.request - Sending Request: DefaultSdkHttpFullRequest(httpMethod=PUT, protocol=https, host=usu-cs5260-chicken-requests.s3.amazonaws.com, port=443, encodedPath=/1666324067946, headers=[amz-sdk-invocation-id, Content-Length, Content-Type, Expect, User-Agent], queryParameters=[])
2022-10-20 21:47:47,948 [Thread-0] DEBUG software.amazon.awssdk.auth.signer.Aws4Signer - AWS4 String to sign: AWS4-HMAC-SHA256
20221021T034747Z
20221021/us-east-1/s3/aws4_request
1b2cfd1c7bd1bb223876eb2531f0f7bf326f2e7e3fdc4c5470fc79aae3942588
2022-10-20 21:47:48,115 [Thread-0] DEBUG software.amazon.awssdk.request - Received successful response: 200
2022-10-20 21:47:48,228 [Thread-0] INFO edu.usu.cs5260.producer.RequestGenerator - Generate a Create request
2022-10-20 21:47:48,229 [Thread-0] DEBUG software.amazon.awssdk.core.interceptor.ExecutionInterceptorChain - Creating an interceptor chain that will apply interceptors in the following order: [software.amazon.awssdk.core.internal.interceptor.HttpChecksumRequiredInterceptor@f336b43, software.amazon.awssdk.awscore.interceptor.HelpfulUnknownHostExceptionInterceptor@529a7637, software.amazon.awssdk.services.s3.internal.handlers.EnableChunkedEncodingInterceptor@5ef633ad, software.amazon.awssdk.services.s3.internal.handlers.DisableDoubleUrlEncodingInterceptor@5a8064e8, software.amazon.awssdk.services.s3.internal.handlers.EnableTrailingChecksumInterceptor@4efd7588, software.amazon.awssdk.services.s3.internal.handlers.CreateMultipartUploadRequestInterceptor@4fd799ae, software.amazon.awssdk.services.s3.internal.handlers.GetObjectInterceptor@20d3a0a2, software.amazon.awssdk.services.s3.internal.handlers.AsyncChecksumValidationInterceptor@792d2774, software.amazon.awssdk.services.s3.internal.handlers.EndpointAddressInterceptor@5cd94cec, software.amazon.awssdk.services.s3.internal.handlers.ExceptionTranslationInterceptor@2f30a430, software.amazon.awssdk.services.s3.internal.handlers.GetBucketPolicyInterceptor@125bc7c4, software.amazon.awssdk.services.s3.internal.handlers.PutObjectInterceptor@25d447c, software.amazon.awssdk.services.s3.internal.handlers.SyncChecksumValidationInterceptor@14f5c6f7, software.amazon.awssdk.services.s3.internal.handlers.DecodeUrlEncodedResponseInterceptor@3e4ee17d, software.amazon.awssdk.services.s3.internal.handlers.CreateBucketInterceptor@72676497]
2022-10-20 21:47:48,230 [Thread-0] DEBUG software.amazon.awssdk.core.interceptor.ExecutionInterceptorChain - Interceptor 'software.amazon.awssdk.services.s3.internal.handlers.EndpointAddressInterceptor@5cd94cec' modified the message with its modifyHttpRequest method.
2022-10-20 21:47:48,231 [Thread-0] DEBUG software.amazon.awssdk.core.interceptor.ExecutionInterceptorChain - Interceptor 'software.amazon.awssdk.services.s3.internal.handlers.PutObjectInterceptor@25d447c' modified the message with its modifyHttpRequest method.
2022-10-20 21:47:48,232 [Thread-0] DEBUG software.amazon.awssdk.request - Sending Request: DefaultSdkHttpFullRequest(httpMethod=PUT, protocol=https, host=usu-cs5260-chicken-requests.s3.amazonaws.com, port=443, encodedPath=/1666324068229, headers=[amz-sdk-invocation-id, Content-Length, Content-Type, Expect, User-Agent], queryParameters=[])
2022-10-20 21:47:48,233 [Thread-0] DEBUG software.amazon.awssdk.auth.signer.Aws4Signer - AWS4 String to sign: AWS4-HMAC-SHA256
20221021T034748Z
20221021/us-east-1/s3/aws4_request
08c901cc4404d648524fbfb687a959aa7192478c673544012fb1b1db604c358a
2022-10-20 21:47:48,410 [Thread-0] DEBUG software.amazon.awssdk.request - Received successful response: 200
2022-10-20 21:47:48,411 [Thread-0] INFO edu.usu.cs5260.producer.RequestGenerator - Generate an Update request
2022-10-20 21:47:48,412 [Thread-0] DEBUG software.amazon.awssdk.core.interceptor.ExecutionInterceptorChain - Creating an interceptor chain that will apply interceptors in the following order: [software.amazon.awssdk.core.internal.interceptor.HttpChecksumRequiredInterceptor@f336b43, software.amazon.awssdk.awscore.interceptor.HelpfulUnknownHostExceptionInterceptor@529a7637, software.amazon.awssdk.services.s3.internal.handlers.EnableChunkedEncodingInterceptor@5ef633ad, software.amazon.awssdk.services.s3.internal.handlers.DisableDoubleUrlEncodingInterceptor@5a8064e8, software.amazon.awssdk.services.s3.internal.handlers.EnableTrailingChecksumInterceptor@4efd7588, software.amazon.awssdk.services.s3.internal.handlers.CreateMultipartUploadRequestInterceptor@4fd799ae, software.amazon.awssdk.services.s3.internal.handlers.GetObjectInterceptor@20d3a0a2, software.amazon.awssdk.services.s3.internal.handlers.AsyncChecksumValidationInterceptor@792d2774, software.amazon.awssdk.services.s3.internal.handlers.EndpointAddressInterceptor@5cd94cec, software.amazon.awssdk.services.s3.internal.handlers.ExceptionTranslationInterceptor@2f30a430, software.amazon.awssdk.services.s3.internal.handlers.GetBucketPolicyInterceptor@125bc7c4, software.amazon.awssdk.services.s3.internal.handlers.PutObjectInterceptor@25d447c, software.amazon.awssdk.services.s3.internal.handlers.SyncChecksumValidationInterceptor@14f5c6f7, software.amazon.awssdk.services.s3.internal.handlers.DecodeUrlEncodedResponseInterceptor@3e4ee17d, software.amazon.awssdk.services.s3.internal.handlers.CreateBucketInterceptor@72676497]
2022-10-20 21:47:48,413 [Thread-0] DEBUG software.amazon.awssdk.core.interceptor.ExecutionInterceptorChain - Interceptor 'software.amazon.awssdk.services.s3.internal.handlers.EndpointAddressInterceptor@5cd94cec' modified the message with its modifyHttpRequest method.
2022-10-20 21:47:48,413 [Thread-0] DEBUG software.amazon.awssdk.core.interceptor.ExecutionInterceptorChain - Interceptor 'software.amazon.awssdk.services.s3.internal.handlers.PutObjectInterceptor@25d447c' modified the message with its modifyHttpRequest method.
2022-10-20 21:47:48,414 [Thread-0] DEBUG software.amazon.awssdk.request - Sending Request: DefaultSdkHttpFullRequest(httpMethod=PUT, protocol=https, host=usu-cs5260-chicken-requests.s3.amazonaws.com, port=443, encodedPath=/1666324068412, headers=[amz-sdk-invocation-id, Content-Length, Content-Type, Expect, User-Agent], queryParameters=[])
2022-10-20 21:47:48,414 [Thread-0] DEBUG software.amazon.awssdk.auth.signer.Aws4Signer - AWS4 String to sign: AWS4-HMAC-SHA256
20221021T034748Z
20221021/us-east-1/s3/aws4_request
a21cccb5c72c731dbe459596816d124ae406e9763ec0630268617058c406afe4
2022-10-20 21:47:48,577 [Thread-0] DEBUG software.amazon.awssdk.request - Received successful response: 200
2022-10-20 21:47:48,681 [Thread-0] INFO edu.usu.cs5260.producer.RequestGenerator - Generate an Update request
2022-10-20 21:47:48,683 [Thread-0] DEBUG software.amazon.awssdk.core.interceptor.ExecutionInterceptorChain - Creating an interceptor chain that will apply interceptors in the following order: [software.amazon.awssdk.core.internal.interceptor.HttpChecksumRequiredInterceptor@f336b43, software.amazon.awssdk.awscore.interceptor.HelpfulUnknownHostExceptionInterceptor@529a7637, software.amazon.awssdk.services.s3.internal.handlers.EnableChunkedEncodingInterceptor@5ef633ad, software.amazon.awssdk.services.s3.internal.handlers.DisableDoubleUrlEncodingInterceptor@5a8064e8, software.amazon.awssdk.services.s3.internal.handlers.EnableTrailingChecksumInterceptor@4efd7588, software.amazon.awssdk.services.s3.internal.handlers.CreateMultipartUploadRequestInterceptor@4fd799ae, software.amazon.awssdk.services.s3.internal.handlers.GetObjectInterceptor@20d3a0a2, software.amazon.awssdk.services.s3.internal.handlers.AsyncChecksumValidationInterceptor@792d2774, software.amazon.awssdk.services.s3.internal.handlers.EndpointAddressInterceptor@5cd94cec, software.amazon.awssdk.services.s3.internal.handlers.ExceptionTranslationInterceptor@2f30a430, software.amazon.awssdk.services.s3.internal.handlers.GetBucketPolicyInterceptor@125bc7c4, software.amazon.awssdk.services.s3.internal.handlers.PutObjectInterceptor@25d447c, software.amazon.awssdk.services.s3.internal.handlers.SyncChecksumValidationInterceptor@14f5c6f7, software.amazon.awssdk.services.s3.internal.handlers.DecodeUrlEncodedResponseInterceptor@3e4ee17d, software.amazon.awssdk.services.s3.internal.handlers.CreateBucketInterceptor@72676497]
2022-10-20 21:47:48,684 [Thread-0] DEBUG software.amazon.awssdk.core.interceptor.ExecutionInterceptorChain - Interceptor 'software.amazon.awssdk.services.s3.internal.handlers.EndpointAddressInterceptor@5cd94cec' modified the message with its modifyHttpRequest method.
2022-10-20 21:47:48,684 [Thread-0] DEBUG software.amazon.awssdk.core.interceptor.ExecutionInterceptorChain - Interceptor 'software.amazon.awssdk.services.s3.internal.handlers.PutObjectInterceptor@25d447c' modified the message with its modifyHttpRequest method.
2022-10-20 21:47:48,684 [Thread-0] DEBUG software.amazon.awssdk.request - Sending Request: DefaultSdkHttpFullRequest(httpMethod=PUT, protocol=https, host=usu-cs5260-chicken-requests.s3.amazonaws.com, port=443, encodedPath=/1666324068682, headers=[amz-sdk-invocation-id, Content-Length, Content-Type, Expect, User-Agent], queryParameters=[])
2022-10-20 21:47:48,685 [Thread-0] DEBUG software.amazon.awssdk.auth.signer.Aws4Signer - AWS4 String to sign: AWS4-HMAC-SHA256
20221021T034748Z
20221021/us-east-1/s3/aws4_request
94017350224dd20349a10aa480cdc20baac2d75449fcc394bc5758c5db09be8e
2022-10-20 21:47:48,846 [Thread-0] DEBUG software.amazon.awssdk.request - Received successful response: 200
2022-10-20 21:47:48,960 [Thread-0] INFO edu.usu.cs5260.producer.RequestGenerator - Generate an Update request
2022-10-20 21:47:48,963 [Thread-0] DEBUG software.amazon.awssdk.core.interceptor.ExecutionInterceptorChain - Creating an interceptor chain that will apply interceptors in the following order: [software.amazon.awssdk.core.internal.interceptor.HttpChecksumRequiredInterceptor@f336b43, software.amazon.awssdk.awscore.interceptor.HelpfulUnknownHostExceptionInterceptor@529a7637, software.amazon.awssdk.services.s3.internal.handlers.EnableChunkedEncodingInterceptor@5ef633ad, software.amazon.awssdk.services.s3.internal.handlers.DisableDoubleUrlEncodingInterceptor@5a8064e8, software.amazon.awssdk.services.s3.internal.handlers.EnableTrailingChecksumInterceptor@4efd7588, software.amazon.awssdk.services.s3.internal.handlers.CreateMultipartUploadRequestInterceptor@4fd799ae, software.amazon.awssdk.services.s3.internal.handlers.GetObjectInterceptor@20d3a0a2, software.amazon.awssdk.services.s3.internal.handlers.AsyncChecksumValidationInterceptor@792d2774, software.amazon.awssdk.services.s3.internal.handlers.EndpointAddressInterceptor@5cd94cec, software.amazon.awssdk.services.s3.internal.handlers.ExceptionTranslationInterceptor@2f30a430, software.amazon.awssdk.services.s3.internal.handlers.GetBucketPolicyInterceptor@125bc7c4, software.amazon.awssdk.services.s3.internal.handlers.PutObjectInterceptor@25d447c, software.amazon.awssdk.services.s3.internal.handlers.SyncChecksumValidationInterceptor@14f5c6f7, software.amazon.awssdk.services.s3.internal.handlers.DecodeUrlEncodedResponseInterceptor@3e4ee17d, software.amazon.awssdk.services.s3.internal.handlers.CreateBucketInterceptor@72676497]
2022-10-20 21:47:48,964 [Thread-0] DEBUG software.amazon.awssdk.core.interceptor.ExecutionInterceptorChain - Interceptor 'software.amazon.awssdk.services.s3.internal.handlers.EndpointAddressInterceptor@5cd94cec' modified the message with its modifyHttpRequest method.
2022-10-20 21:47:48,964 [Thread-0] DEBUG software.amazon.awssdk.core.interceptor.ExecutionInterceptorChain - Interceptor 'software.amazon.awssdk.services.s3.internal.handlers.PutObjectInterceptor@25d447c' modified the message with its modifyHttpRequest method.
2022-10-20 21:47:48,965 [Thread-0] DEBUG software.amazon.awssdk.request - Sending Request: DefaultSdkHttpFullRequest(httpMethod=PUT, protocol=https, host=usu-cs5260-chicken-requests.s3.amazonaws.com, port=443, encodedPath=/1666324068962, headers=[amz-sdk-invocation-id, Content-Length, Content-Type, Expect, User-Agent], queryParameters=[])
2022-10-20 21:47:48,967 [Thread-0] DEBUG software.amazon.awssdk.auth.signer.Aws4Signer - AWS4 String to sign: AWS4-HMAC-SHA256
20221021T034748Z
20221021/us-east-1/s3/aws4_request
dd742274e9e40713aa998f44fd990286dce9e78d42525a1e757388d327c7fb36
2022-10-20 21:47:49,137 [Thread-0] DEBUG software.amazon.awssdk.request - Received successful response: 200
2022-10-20 21:47:49,243 [Thread-0] INFO edu.usu.cs5260.producer.RequestGenerator - Generate an Update request
2022-10-20 21:47:49,244 [Thread-0] DEBUG software.amazon.awssdk.core.interceptor.ExecutionInterceptorChain - Creating an interceptor chain that will apply interceptors in the following order: [software.amazon.awssdk.core.internal.interceptor.HttpChecksumRequiredInterceptor@f336b43, software.amazon.awssdk.awscore.interceptor.HelpfulUnknownHostExceptionInterceptor@529a7637, software.amazon.awssdk.services.s3.internal.handlers.EnableChunkedEncodingInterceptor@5ef633ad, software.amazon.awssdk.services.s3.internal.handlers.DisableDoubleUrlEncodingInterceptor@5a8064e8, software.amazon.awssdk.services.s3.internal.handlers.EnableTrailingChecksumInterceptor@4efd7588, software.amazon.awssdk.services.s3.internal.handlers.CreateMultipartUploadRequestInterceptor@4fd799ae, software.amazon.awssdk.services.s3.internal.handlers.GetObjectInterceptor@20d3a0a2, software.amazon.awssdk.services.s3.internal.handlers.AsyncChecksumValidationInterceptor@792d2774, software.amazon.awssdk.services.s3.internal.handlers.EndpointAddressInterceptor@5cd94cec, software.amazon.awssdk.services.s3.internal.handlers.ExceptionTranslationInterceptor@2f30a430, software.amazon.awssdk.services.s3.internal.handlers.GetBucketPolicyInterceptor@125bc7c4, software.amazon.awssdk.services.s3.internal.handlers.PutObjectInterceptor@25d447c, software.amazon.awssdk.services.s3.internal.handlers.SyncChecksumValidationInterceptor@14f5c6f7, software.amazon.awssdk.services.s3.internal.handlers.DecodeUrlEncodedResponseInterceptor@3e4ee17d, software.amazon.awssdk.services.s3.internal.handlers.CreateBucketInterceptor@72676497]
2022-10-20 21:47:49,245 [Thread-0] DEBUG software.amazon.awssdk.core.interceptor.ExecutionInterceptorChain - Interceptor 'software.amazon.awssdk.services.s3.internal.handlers.EndpointAddressInterceptor@5cd94cec' modified the message with its modifyHttpRequest method.
2022-10-20 21:47:49,245 [Thread-0] DEBUG software.amazon.awssdk.core.interceptor.ExecutionInterceptorChain - Interceptor 'software.amazon.awssdk.services.s3.internal.handlers.PutObjectInterceptor@25d447c' modified the message with its modifyHttpRequest method.
2022-10-20 21:47:49,246 [Thread-0] DEBUG software.amazon.awssdk.request - Sending Request: DefaultSdkHttpFullRequest(httpMethod=PUT, protocol=https, host=usu-cs5260-chicken-requests.s3.amazonaws.com, port=443, encodedPath=/1666324069244, headers=[amz-sdk-invocation-id, Content-Length, Content-Type, Expect, User-Agent], queryParameters=[])
2022-10-20 21:47:49,246 [Thread-0] DEBUG software.amazon.awssdk.auth.signer.Aws4Signer - AWS4 String to sign: AWS4-HMAC-SHA256
20221021T034749Z
20221021/us-east-1/s3/aws4_request
a8b0a1d241081aff2150d420f696c820e1151dc970fffae34453267e769cf974
2022-10-20 21:47:49,411 [Thread-0] DEBUG software.amazon.awssdk.request - Received successful response: 200
2022-10-20 21:47:49,521 [Thread-0] INFO edu.usu.cs5260.producer.RequestGenerator - Generate an Update request
2022-10-20 21:47:49,523 [Thread-0] DEBUG software.amazon.awssdk.core.interceptor.ExecutionInterceptorChain - Creating an interceptor chain that will apply interceptors in the following order: [software.amazon.awssdk.core.internal.interceptor.HttpChecksumRequiredInterceptor@f336b43, software.amazon.awssdk.awscore.interceptor.HelpfulUnknownHostExceptionInterceptor@529a7637, software.amazon.awssdk.services.s3.internal.handlers.EnableChunkedEncodingInterceptor@5ef633ad, software.amazon.awssdk.services.s3.internal.handlers.DisableDoubleUrlEncodingInterceptor@5a8064e8, software.amazon.awssdk.services.s3.internal.handlers.EnableTrailingChecksumInterceptor@4efd7588, software.amazon.awssdk.services.s3.internal.handlers.CreateMultipartUploadRequestInterceptor@4fd799ae, software.amazon.awssdk.services.s3.internal.handlers.GetObjectInterceptor@20d3a0a2, software.amazon.awssdk.services.s3.internal.handlers.AsyncChecksumValidationInterceptor@792d2774, software.amazon.awssdk.services.s3.internal.handlers.EndpointAddressInterceptor@5cd94cec, software.amazon.awssdk.services.s3.internal.handlers.ExceptionTranslationInterceptor@2f30a430, software.amazon.awssdk.services.s3.internal.handlers.GetBucketPolicyInterceptor@125bc7c4, software.amazon.awssdk.services.s3.internal.handlers.PutObjectInterceptor@25d447c, software.amazon.awssdk.services.s3.internal.handlers.SyncChecksumValidationInterceptor@14f5c6f7, software.amazon.awssdk.services.s3.internal.handlers.DecodeUrlEncodedResponseInterceptor@3e4ee17d, software.amazon.awssdk.services.s3.internal.handlers.CreateBucketInterceptor@72676497]
2022-10-20 21:47:49,524 [Thread-0] DEBUG software.amazon.awssdk.core.interceptor.ExecutionInterceptorChain - Interceptor 'software.amazon.awssdk.services.s3.internal.handlers.EndpointAddressInterceptor@5cd94cec' modified the message with its modifyHttpRequest method.
2022-10-20 21:47:49,524 [Thread-0] DEBUG software.amazon.awssdk.core.interceptor.ExecutionInterceptorChain - Interceptor 'software.amazon.awssdk.services.s3.internal.handlers.PutObjectInterceptor@25d447c' modified the message with its modifyHttpRequest method.
2022-10-20 21:47:49,524 [Thread-0] DEBUG software.amazon.awssdk.request - Sending Request: DefaultSdkHttpFullRequest(httpMethod=PUT, protocol=https, host=usu-cs5260-chicken-requests.s3.amazonaws.com, port=443, encodedPath=/1666324069522, headers=[amz-sdk-invocation-id, Content-Length, Content-Type, Expect, User-Agent], queryParameters=[])
2022-10-20 21:47:49,524 [Thread-0] DEBUG software.amazon.awssdk.auth.signer.Aws4Signer - AWS4 String to sign: AWS4-HMAC-SHA256
20221021T034749Z
20221021/us-east-1/s3/aws4_request
a5f788a27fac3e1df6b0e9e39b2174a1843dae6bbd14c696045626d1a35c7561
2022-10-20 21:47:49,685 [Thread-0] DEBUG software.amazon.awssdk.request - Received successful response: 200
2022-10-20 21:47:49,786 [Thread-0] INFO edu.usu.cs5260.producer.RequestGenerator - Generate a Create request
2022-10-20 21:47:49,788 [Thread-0] DEBUG software.amazon.awssdk.core.interceptor.ExecutionInterceptorChain - Creating an interceptor chain that will apply interceptors in the following order: [software.amazon.awssdk.core.internal.interceptor.HttpChecksumRequiredInterceptor@f336b43, software.amazon.awssdk.awscore.interceptor.HelpfulUnknownHostExceptionInterceptor@529a7637, software.amazon.awssdk.services.s3.internal.handlers.EnableChunkedEncodingInterceptor@5ef633ad, software.amazon.awssdk.services.s3.internal.handlers.DisableDoubleUrlEncodingInterceptor@5a8064e8, software.amazon.awssdk.services.s3.internal.handlers.EnableTrailingChecksumInterceptor@4efd7588, software.amazon.awssdk.services.s3.internal.handlers.CreateMultipartUploadRequestInterceptor@4fd799ae, software.amazon.awssdk.services.s3.internal.handlers.GetObjectInterceptor@20d3a0a2, software.amazon.awssdk.services.s3.internal.handlers.AsyncChecksumValidationInterceptor@792d2774, software.amazon.awssdk.services.s3.internal.handlers.EndpointAddressInterceptor@5cd94cec, software.amazon.awssdk.services.s3.internal.handlers.ExceptionTranslationInterceptor@2f30a430, software.amazon.awssdk.services.s3.internal.handlers.GetBucketPolicyInterceptor@125bc7c4, software.amazon.awssdk.services.s3.internal.handlers.PutObjectInterceptor@25d447c, software.amazon.awssdk.services.s3.internal.handlers.SyncChecksumValidationInterceptor@14f5c6f7, software.amazon.awssdk.services.s3.internal.handlers.DecodeUrlEncodedResponseInterceptor@3e4ee17d, software.amazon.awssdk.services.s3.internal.handlers.CreateBucketInterceptor@72676497]
2022-10-20 21:47:49,789 [Thread-0] DEBUG software.amazon.awssdk.core.interceptor.ExecutionInterceptorChain - Interceptor 'software.amazon.awssdk.services.s3.internal.handlers.EndpointAddressInterceptor@5cd94cec' modified the message with its modifyHttpRequest method.
2022-10-20 21:47:49,789 [Thread-0] DEBUG software.amazon.awssdk.core.interceptor.ExecutionInterceptorChain - Interceptor 'software.amazon.awssdk.services.s3.internal.handlers.PutObjectInterceptor@25d447c' modified the message with its modifyHttpRequest method.
2022-10-20 21:47:49,789 [Thread-0] DEBUG software.amazon.awssdk.request - Sending Request: DefaultSdkHttpFullRequest(httpMethod=PUT, protocol=https, host=usu-cs5260-chicken-requests.s3.amazonaws.com, port=443, encodedPath=/1666324069787, headers=[amz-sdk-invocation-id, Content-Length, Content-Type, Expect, User-Agent], queryParameters=[])
2022-10-20 21:47:49,789 [Thread-0] DEBUG software.amazon.awssdk.auth.signer.Aws4Signer - AWS4 String to sign: AWS4-HMAC-SHA256
20221021T034749Z
20221021/us-east-1/s3/aws4_request
f7be6db4c859d582840ff188c29eccdbb5987e1b94c6f90b83421685bd7804b2
2022-10-20 21:47:49,953 [Thread-0] DEBUG software.amazon.awssdk.request - Received successful response: 200
2022-10-20 21:47:49,953 [Thread-0] INFO edu.usu.cs5260.producer.RequestGenerator - Generate an Update request
2022-10-20 21:47:49,955 [Thread-0] DEBUG software.amazon.awssdk.core.interceptor.ExecutionInterceptorChain - Creating an interceptor chain that will apply interceptors in the following order: [software.amazon.awssdk.core.internal.interceptor.HttpChecksumRequiredInterceptor@f336b43, software.amazon.awssdk.awscore.interceptor.HelpfulUnknownHostExceptionInterceptor@529a7637, software.amazon.awssdk.services.s3.internal.handlers.EnableChunkedEncodingInterceptor@5ef633ad, software.amazon.awssdk.services.s3.internal.handlers.DisableDoubleUrlEncodingInterceptor@5a8064e8, software.amazon.awssdk.services.s3.internal.handlers.EnableTrailingChecksumInterceptor@4efd7588, software.amazon.awssdk.services.s3.internal.handlers.CreateMultipartUploadRequestInterceptor@4fd799ae, software.amazon.awssdk.services.s3.internal.handlers.GetObjectInterceptor@20d3a0a2, software.amazon.awssdk.services.s3.internal.handlers.AsyncChecksumValidationInterceptor@792d2774, software.amazon.awssdk.services.s3.internal.handlers.EndpointAddressInterceptor@5cd94cec, software.amazon.awssdk.services.s3.internal.handlers.ExceptionTranslationInterceptor@2f30a430, software.amazon.awssdk.services.s3.internal.handlers.GetBucketPolicyInterceptor@125bc7c4, software.amazon.awssdk.services.s3.internal.handlers.PutObjectInterceptor@25d447c, software.amazon.awssdk.services.s3.internal.handlers.SyncChecksumValidationInterceptor@14f5c6f7, software.amazon.awssdk.services.s3.internal.handlers.DecodeUrlEncodedResponseInterceptor@3e4ee17d, software.amazon.awssdk.services.s3.internal.handlers.CreateBucketInterceptor@72676497]
2022-10-20 21:47:49,955 [Thread-0] DEBUG software.amazon.awssdk.core.interceptor.ExecutionInterceptorChain - Interceptor 'software.amazon.awssdk.services.s3.internal.handlers.EndpointAddressInterceptor@5cd94cec' modified the message with its modifyHttpRequest method.
2022-10-20 21:47:49,956 [Thread-0] DEBUG software.amazon.awssdk.core.interceptor.ExecutionInterceptorChain - Interceptor 'software.amazon.awssdk.services.s3.internal.handlers.PutObjectInterceptor@25d447c' modified the message with its modifyHttpRequest method.
2022-10-20 21:47:49,956 [Thread-0] DEBUG software.amazon.awssdk.request - Sending Request: DefaultSdkHttpFullRequest(httpMethod=PUT, protocol=https, host=usu-cs5260-chicken-requests.s3.amazonaws.com, port=443, encodedPath=/1666324069954, headers=[amz-sdk-invocation-id, Content-Length, Content-Type, Expect, User-Agent], queryParameters=[])
2022-10-20 21:47:49,956 [Thread-0] DEBUG software.amazon.awssdk.auth.signer.Aws4Signer - AWS4 String to sign: AWS4-HMAC-SHA256
20221021T034749Z
20221021/us-east-1/s3/aws4_request
3feff95a9f6d4e8dc37041a301512301be0d978ad8b257267543bab3a5634d5f
2022-10-20 21:47:50,217 [Thread-0] DEBUG software.amazon.awssdk.request - Received successful response: 200
2022-10-20 21:47:50,332 [Thread-0] INFO edu.usu.cs5260.producer.RequestGenerator - Generate a Create request
2022-10-20 21:47:50,333 [Thread-0] DEBUG software.amazon.awssdk.core.interceptor.ExecutionInterceptorChain - Creating an interceptor chain that will apply interceptors in the following order: [software.amazon.awssdk.core.internal.interceptor.HttpChecksumRequiredInterceptor@f336b43, software.amazon.awssdk.awscore.interceptor.HelpfulUnknownHostExceptionInterceptor@529a7637, software.amazon.awssdk.services.s3.internal.handlers.EnableChunkedEncodingInterceptor@5ef633ad, software.amazon.awssdk.services.s3.internal.handlers.DisableDoubleUrlEncodingInterceptor@5a8064e8, software.amazon.awssdk.services.s3.internal.handlers.EnableTrailingChecksumInterceptor@4efd7588, software.amazon.awssdk.services.s3.internal.handlers.CreateMultipartUploadRequestInterceptor@4fd799ae, software.amazon.awssdk.services.s3.internal.handlers.GetObjectInterceptor@20d3a0a2, software.amazon.awssdk.services.s3.internal.handlers.AsyncChecksumValidationInterceptor@792d2774, software.amazon.awssdk.services.s3.internal.handlers.EndpointAddressInterceptor@5cd94cec, software.amazon.awssdk.services.s3.internal.handlers.ExceptionTranslationInterceptor@2f30a430, software.amazon.awssdk.services.s3.internal.handlers.GetBucketPolicyInterceptor@125bc7c4, software.amazon.awssdk.services.s3.internal.handlers.PutObjectInterceptor@25d447c, software.amazon.awssdk.services.s3.internal.handlers.SyncChecksumValidationInterceptor@14f5c6f7, software.amazon.awssdk.services.s3.internal.handlers.DecodeUrlEncodedResponseInterceptor@3e4ee17d, software.amazon.awssdk.services.s3.internal.handlers.CreateBucketInterceptor@72676497]
2022-10-20 21:47:50,334 [Thread-0] DEBUG software.amazon.awssdk.core.interceptor.ExecutionInterceptorChain - Interceptor 'software.amazon.awssdk.services.s3.internal.handlers.EndpointAddressInterceptor@5cd94cec' modified the message with its modifyHttpRequest method.
2022-10-20 21:47:50,335 [Thread-0] DEBUG software.amazon.awssdk.core.interceptor.ExecutionInterceptorChain - Interceptor 'software.amazon.awssdk.services.s3.internal.handlers.PutObjectInterceptor@25d447c' modified the message with its modifyHttpRequest method.
2022-10-20 21:47:50,335 [Thread-0] DEBUG software.amazon.awssdk.request - Sending Request: DefaultSdkHttpFullRequest(httpMethod=PUT, protocol=https, host=usu-cs5260-chicken-requests.s3.amazonaws.com, port=443, encodedPath=/1666324070333, headers=[amz-sdk-invocation-id, Content-Length, Content-Type, Expect, User-Agent], queryParameters=[])
2022-10-20 21:47:50,335 [Thread-0] DEBUG software.amazon.awssdk.auth.signer.Aws4Signer - AWS4 String to sign: AWS4-HMAC-SHA256
20221021T034750Z
20221021/us-east-1/s3/aws4_request
013c2b89f3f00296b0938c96612fa66cd09155ace26e7d9ce4f65f27ff564eb0
2022-10-20 21:47:50,504 [Thread-0] DEBUG software.amazon.awssdk.request - Received successful response: 200
2022-10-20 21:47:50,504 [Thread-0] INFO edu.usu.cs5260.producer.RequestGenerator - Generate a Create request
2022-10-20 21:47:50,505 [Thread-0] DEBUG software.amazon.awssdk.core.interceptor.ExecutionInterceptorChain - Creating an interceptor chain that will apply interceptors in the following order: [software.amazon.awssdk.core.internal.interceptor.HttpChecksumRequiredInterceptor@f336b43, software.amazon.awssdk.awscore.interceptor.HelpfulUnknownHostExceptionInterceptor@529a7637, software.amazon.awssdk.services.s3.internal.handlers.EnableChunkedEncodingInterceptor@5ef633ad, software.amazon.awssdk.services.s3.internal.handlers.DisableDoubleUrlEncodingInterceptor@5a8064e8, software.amazon.awssdk.services.s3.internal.handlers.EnableTrailingChecksumInterceptor@4efd7588, software.amazon.awssdk.services.s3.internal.handlers.CreateMultipartUploadRequestInterceptor@4fd799ae, software.amazon.awssdk.services.s3.internal.handlers.GetObjectInterceptor@20d3a0a2, software.amazon.awssdk.services.s3.internal.handlers.AsyncChecksumValidationInterceptor@792d2774, software.amazon.awssdk.services.s3.internal.handlers.EndpointAddressInterceptor@5cd94cec, software.amazon.awssdk.services.s3.internal.handlers.ExceptionTranslationInterceptor@2f30a430, software.amazon.awssdk.services.s3.internal.handlers.GetBucketPolicyInterceptor@125bc7c4, software.amazon.awssdk.services.s3.internal.handlers.PutObjectInterceptor@25d447c, software.amazon.awssdk.services.s3.internal.handlers.SyncChecksumValidationInterceptor@14f5c6f7, software.amazon.awssdk.services.s3.internal.handlers.DecodeUrlEncodedResponseInterceptor@3e4ee17d, software.amazon.awssdk.services.s3.internal.handlers.CreateBucketInterceptor@72676497]
2022-10-20 21:47:50,506 [Thread-0] DEBUG software.amazon.awssdk.core.interceptor.ExecutionInterceptorChain - Interceptor 'software.amazon.awssdk.services.s3.internal.handlers.EndpointAddressInterceptor@5cd94cec' modified the message with its modifyHttpRequest method.
2022-10-20 21:47:50,506 [Thread-0] DEBUG software.amazon.awssdk.core.interceptor.ExecutionInterceptorChain - Interceptor 'software.amazon.awssdk.services.s3.internal.handlers.PutObjectInterceptor@25d447c' modified the message with its modifyHttpRequest method.
2022-10-20 21:47:50,506 [Thread-0] DEBUG software.amazon.awssdk.request - Sending Request: DefaultSdkHttpFullRequest(httpMethod=PUT, protocol=https, host=usu-cs5260-chicken-requests.s3.amazonaws.com, port=443, encodedPath=/1666324070505, headers=[amz-sdk-invocation-id, Content-Length, Content-Type, Expect, User-Agent], queryParameters=[])
2022-10-20 21:47:50,507 [Thread-0] DEBUG software.amazon.awssdk.auth.signer.Aws4Signer - AWS4 String to sign: AWS4-HMAC-SHA256
20221021T034750Z
20221021/us-east-1/s3/aws4_request
b4f471d15ca87f05b95c011577f0d2d286ce0ef784fd633afaefbe9a10bb854f
2022-10-20 21:47:50,692 [Thread-0] DEBUG software.amazon.awssdk.request - Received successful response: 200
2022-10-20 21:47:50,692 [Thread-0] INFO edu.usu.cs5260.producer.RequestGenerator - Generate a Create request
2022-10-20 21:47:50,693 [Thread-0] DEBUG software.amazon.awssdk.core.interceptor.ExecutionInterceptorChain - Creating an interceptor chain that will apply interceptors in the following order: [software.amazon.awssdk.core.internal.interceptor.HttpChecksumRequiredInterceptor@f336b43, software.amazon.awssdk.awscore.interceptor.HelpfulUnknownHostExceptionInterceptor@529a7637, software.amazon.awssdk.services.s3.internal.handlers.EnableChunkedEncodingInterceptor@5ef633ad, software.amazon.awssdk.services.s3.internal.handlers.DisableDoubleUrlEncodingInterceptor@5a8064e8, software.amazon.awssdk.services.s3.internal.handlers.EnableTrailingChecksumInterceptor@4efd7588, software.amazon.awssdk.services.s3.internal.handlers.CreateMultipartUploadRequestInterceptor@4fd799ae, software.amazon.awssdk.services.s3.internal.handlers.GetObjectInterceptor@20d3a0a2, software.amazon.awssdk.services.s3.internal.handlers.AsyncChecksumValidationInterceptor@792d2774, software.amazon.awssdk.services.s3.internal.handlers.EndpointAddressInterceptor@5cd94cec, software.amazon.awssdk.services.s3.internal.handlers.ExceptionTranslationInterceptor@2f30a430, software.amazon.awssdk.services.s3.internal.handlers.GetBucketPolicyInterceptor@125bc7c4, software.amazon.awssdk.services.s3.internal.handlers.PutObjectInterceptor@25d447c, software.amazon.awssdk.services.s3.internal.handlers.SyncChecksumValidationInterceptor@14f5c6f7, software.amazon.awssdk.services.s3.internal.handlers.DecodeUrlEncodedResponseInterceptor@3e4ee17d, software.amazon.awssdk.services.s3.internal.handlers.CreateBucketInterceptor@72676497]
2022-10-20 21:47:50,694 [Thread-0] DEBUG software.amazon.awssdk.core.interceptor.ExecutionInterceptorChain - Interceptor 'software.amazon.awssdk.services.s3.internal.handlers.EndpointAddressInterceptor@5cd94cec' modified the message with its modifyHttpRequest method.
2022-10-20 21:47:50,694 [Thread-0] DEBUG software.amazon.awssdk.core.interceptor.ExecutionInterceptorChain - Interceptor 'software.amazon.awssdk.services.s3.internal.handlers.PutObjectInterceptor@25d447c' modified the message with its modifyHttpRequest method.
2022-10-20 21:47:50,694 [Thread-0] DEBUG software.amazon.awssdk.request - Sending Request: DefaultSdkHttpFullRequest(httpMethod=PUT, protocol=https, host=usu-cs5260-chicken-requests.s3.amazonaws.com, port=443, encodedPath=/1666324070693, headers=[amz-sdk-invocation-id, Content-Length, Content-Type, Expect, User-Agent], queryParameters=[])
2022-10-20 21:47:50,695 [Thread-0] DEBUG software.amazon.awssdk.auth.signer.Aws4Signer - AWS4 String to sign: AWS4-HMAC-SHA256
20221021T034750Z
20221021/us-east-1/s3/aws4_request
c57a1397d1e499d08a7224dcfb47e916b7a6790bc298c2370da50176a2126d2a
2022-10-20 21:47:50,865 [Thread-0] DEBUG software.amazon.awssdk.request - Received successful response: 200
2022-10-20 21:47:50,866 [Thread-0] INFO edu.usu.cs5260.producer.RequestGenerator - Generate a Create request
2022-10-20 21:47:50,867 [Thread-0] DEBUG software.amazon.awssdk.core.interceptor.ExecutionInterceptorChain - Creating an interceptor chain that will apply interceptors in the following order: [software.amazon.awssdk.core.internal.interceptor.HttpChecksumRequiredInterceptor@f336b43, software.amazon.awssdk.awscore.interceptor.HelpfulUnknownHostExceptionInterceptor@529a7637, software.amazon.awssdk.services.s3.internal.handlers.EnableChunkedEncodingInterceptor@5ef633ad, software.amazon.awssdk.services.s3.internal.handlers.DisableDoubleUrlEncodingInterceptor@5a8064e8, software.amazon.awssdk.services.s3.internal.handlers.EnableTrailingChecksumInterceptor@4efd7588, software.amazon.awssdk.services.s3.internal.handlers.CreateMultipartUploadRequestInterceptor@4fd799ae, software.amazon.awssdk.services.s3.internal.handlers.GetObjectInterceptor@20d3a0a2, software.amazon.awssdk.services.s3.internal.handlers.AsyncChecksumValidationInterceptor@792d2774, software.amazon.awssdk.services.s3.internal.handlers.EndpointAddressInterceptor@5cd94cec, software.amazon.awssdk.services.s3.internal.handlers.ExceptionTranslationInterceptor@2f30a430, software.amazon.awssdk.services.s3.internal.handlers.GetBucketPolicyInterceptor@125bc7c4, software.amazon.awssdk.services.s3.internal.handlers.PutObjectInterceptor@25d447c, software.amazon.awssdk.services.s3.internal.handlers.SyncChecksumValidationInterceptor@14f5c6f7, software.amazon.awssdk.services.s3.internal.handlers.DecodeUrlEncodedResponseInterceptor@3e4ee17d, software.amazon.awssdk.services.s3.internal.handlers.CreateBucketInterceptor@72676497]
2022-10-20 21:47:50,868 [Thread-0] DEBUG software.amazon.awssdk.core.interceptor.ExecutionInterceptorChain - Interceptor 'software.amazon.awssdk.services.s3.internal.handlers.EndpointAddressInterceptor@5cd94cec' modified the message with its modifyHttpRequest method.
2022-10-20 21:47:50,868 [Thread-0] DEBUG software.amazon.awssdk.core.interceptor.ExecutionInterceptorChain - Interceptor 'software.amazon.awssdk.services.s3.internal.handlers.PutObjectInterceptor@25d447c' modified the message with its modifyHttpRequest method.
2022-10-20 21:47:50,868 [Thread-0] DEBUG software.amazon.awssdk.request - Sending Request: DefaultSdkHttpFullRequest(httpMethod=PUT, protocol=https, host=usu-cs5260-chicken-requests.s3.amazonaws.com, port=443, encodedPath=/1666324070867, headers=[amz-sdk-invocation-id, Content-Length, Content-Type, Expect, User-Agent], queryParameters=[])
2022-10-20 21:47:50,869 [Thread-0] DEBUG software.amazon.awssdk.auth.signer.Aws4Signer - AWS4 String to sign: AWS4-HMAC-SHA256
20221021T034750Z
20221021/us-east-1/s3/aws4_request
22cc51b1a159607a8c21b1298e2c00ab3d60f46b405e7ff16ddadbfe797f383f
2022-10-20 21:47:51,036 [Thread-0] DEBUG software.amazon.awssdk.request - Received successful response: 200
2022-10-20 21:47:51,037 [Thread-0] INFO edu.usu.cs5260.producer.RequestGenerator - Generate a Create request
2022-10-20 21:47:51,039 [Thread-0] DEBUG software.amazon.awssdk.core.interceptor.ExecutionInterceptorChain - Creating an interceptor chain that will apply interceptors in the following order: [software.amazon.awssdk.core.internal.interceptor.HttpChecksumRequiredInterceptor@f336b43, software.amazon.awssdk.awscore.interceptor.HelpfulUnknownHostExceptionInterceptor@529a7637, software.amazon.awssdk.services.s3.internal.handlers.EnableChunkedEncodingInterceptor@5ef633ad, software.amazon.awssdk.services.s3.internal.handlers.DisableDoubleUrlEncodingInterceptor@5a8064e8, software.amazon.awssdk.services.s3.internal.handlers.EnableTrailingChecksumInterceptor@4efd7588, software.amazon.awssdk.services.s3.internal.handlers.CreateMultipartUploadRequestInterceptor@4fd799ae, software.amazon.awssdk.services.s3.internal.handlers.GetObjectInterceptor@20d3a0a2, software.amazon.awssdk.services.s3.internal.handlers.AsyncChecksumValidationInterceptor@792d2774, software.amazon.awssdk.services.s3.internal.handlers.EndpointAddressInterceptor@5cd94cec, software.amazon.awssdk.services.s3.internal.handlers.ExceptionTranslationInterceptor@2f30a430, software.amazon.awssdk.services.s3.internal.handlers.GetBucketPolicyInterceptor@125bc7c4, software.amazon.awssdk.services.s3.internal.handlers.PutObjectInterceptor@25d447c, software.amazon.awssdk.services.s3.internal.handlers.SyncChecksumValidationInterceptor@14f5c6f7, software.amazon.awssdk.services.s3.internal.handlers.DecodeUrlEncodedResponseInterceptor@3e4ee17d, software.amazon.awssdk.services.s3.internal.handlers.CreateBucketInterceptor@72676497]
2022-10-20 21:47:51,040 [Thread-0] DEBUG software.amazon.awssdk.core.interceptor.ExecutionInterceptorChain - Interceptor 'software.amazon.awssdk.services.s3.internal.handlers.EndpointAddressInterceptor@5cd94cec' modified the message with its modifyHttpRequest method.
2022-10-20 21:47:51,042 [Thread-0] DEBUG software.amazon.awssdk.core.interceptor.ExecutionInterceptorChain - Interceptor 'software.amazon.awssdk.services.s3.internal.handlers.PutObjectInterceptor@25d447c' modified the message with its modifyHttpRequest method.
2022-10-20 21:47:51,043 [Thread-0] DEBUG software.amazon.awssdk.request - Sending Request: DefaultSdkHttpFullRequest(httpMethod=PUT, protocol=https, host=usu-cs5260-chicken-requests.s3.amazonaws.com, port=443, encodedPath=/1666324071038, headers=[amz-sdk-invocation-id, Content-Length, Content-Type, Expect, User-Agent], queryParameters=[])
2022-10-20 21:47:51,043 [Thread-0] DEBUG software.amazon.awssdk.auth.signer.Aws4Signer - AWS4 String to sign: AWS4-HMAC-SHA256
20221021T034751Z
20221021/us-east-1/s3/aws4_request
96f4d9ae5d02cf5be7a8bff7e21c84f40b9235c18d12b5cee3fe7c1d43b18c96
